0 verbose cli C:\Program Files\nodejs\node.exe C:\Program Files\nodejs\node_modules\npm\bin\npm-cli.js
1 info using npm@11.13.0
2 info using node@v24.16.0
3 silly config load:file:C:\Program Files\nodejs\node_modules\npm\npmrc
4 silly config load:file:C:\Users\Admin-pc\AppData\Local\Microsoft\TypeScript\6.0\.npmrc
5 silly config load:file:C:\Users\Admin-pc\.npmrc
6 silly config load:file:C:\smart-parcel-delivery\backend\etc\npmrc
7 verbose title npm install types-registry@latest
8 verbose argv "install" "--ignore-scripts" "types-registry@latest"
9 verbose logfile logs-max:10 dir:C:\smart-parcel-delivery\backend\.npm-cache\_logs\2026-06-15T04_11_17_120Z-
10 verbose logfile C:\smart-parcel-delivery\backend\.npm-cache\_logs\2026-06-15T04_11_17_120Z-debug-0.log
11 silly logfile done cleaning log files
12 silly packumentCache heap:2348810240 maxSize:587202560 maxEntrySize:293601280
13 silly packumentCache corgi:https://registry.npmjs.org/types-registry cache-miss
14 http fetch GET 200 https://registry.npmjs.org/types-registry 1646ms (cache miss)
15 silly packumentCache corgi:https://registry.npmjs.org/types-registry set size:undefined disposed:false
16 silly idealTree buildDeps
17 silly fetch manifest types-registry@0.1.774
18 silly packumentCache full:https://registry.npmjs.org/types-registry cache-miss
19 http fetch GET 200 https://registry.npmjs.org/types-registry 247ms (cache miss)
20 silly packumentCache full:https://registry.npmjs.org/types-registry set size:undefined disposed:false
21 silly placeDep ROOT types-registry@0.1.774 REPLACE for:  want: 0.1.774
22 silly reify moves {}
23 silly audit bulk request {
23 silly audit   '@types/bcrypt': [ '6.0.0' ],
23 silly audit   '@types/body-parser': [ '1.19.6' ],
23 silly audit   '@types/connect': [ '3.4.38' ],
23 silly audit   '@types/cors': [ '2.8.19' ],
23 silly audit   '@types/express': [ '5.0.6' ],
23 silly audit   '@types/express-serve-static-core': [ '5.1.1' ],
23 silly audit   '@types/http-errors': [ '2.0.5' ],
23 silly audit   '@types/jsonwebtoken': [ '9.0.10' ],
23 silly audit   '@types/ms': [ '2.1.0' ],
23 silly audit   '@types/node': [ '25.9.3' ],
23 silly audit   '@types/qs': [ '6.15.1' ],
23 silly audit   '@types/range-parser': [ '1.2.7' ],
23 silly audit   '@types/react': [ '19.2.17' ],
23 silly audit   '@types/react-dom': [ '19.2.3' ],
23 silly audit   '@types/send': [ '1.2.1' ],
23 silly audit   '@types/serve-static': [ '2.2.0' ],
23 silly audit   csstype: [ '3.2.3' ],
23 silly audit   'undici-types': [ '7.24.6' ],
23 silly audit   'types-registry': [ '0.1.774' ]
23 silly audit }
24 http fetch POST 200 https://registry.npmjs.org/-/npm/v1/security/advisories/bulk 339ms
25 silly audit report {}
26 verbose cwd C:\Users\Admin-pc\AppData\Local\Microsoft\TypeScript\6.0
27 verbose os Windows_NT 10.0.26200
28 verbose node v24.16.0
29 verbose npm  v11.13.0
30 verbose exit 0
31 info ok
