0 verbose cli C:\Program Files\nodejs\node.exe C:\Program Files\nodejs\node_modules\npm\bin\npm-cli.js
1 info using npm@11.13.0
2 info using node@v24.16.0
3 silly config load:file:C:\Program Files\nodejs\node_modules\npm\npmrc
4 silly config load:file:C:\.npmrc
5 silly config load:file:C:\Users\Admin-pc\.npmrc
6 silly config load:file:C:\smart-parcel-delivery\backend\etc\npmrc
7 verbose title npm install express cors dotenv mysql2 bcrypt jsonwebtoken
8 verbose argv "install" "express" "cors" "dotenv" "mysql2" "bcrypt" "jsonwebtoken" "--save-bundle" "--no-global"
9 verbose logfile logs-max:10 dir:C:\smart-parcel-delivery\backend\.npm-cache\_logs\2026-06-14T16_38_32_773Z-
10 verbose logfile C:\smart-parcel-delivery\backend\.npm-cache\_logs\2026-06-14T16_38_32_773Z-debug-0.log
11 silly logfile done cleaning log files
12 silly packumentCache heap:2348810240 maxSize:587202560 maxEntrySize:293601280
13 verbose stack Error: EPERM: operation not permitted, mkdir 'C:\'
13 verbose stack     at async mkdir (node:internal/fs/promises:859:10)
13 verbose stack     at async Arborist.reify (C:\Program Files\nodejs\node_modules\npm\node_modules\@npmcli\arborist\lib\arborist\reify.js:106:7)
13 verbose stack     at async Install.exec (C:\Program Files\nodejs\node_modules\npm\lib\commands\install.js:146:5)
13 verbose stack     at async Npm.exec (C:\Program Files\nodejs\node_modules\npm\lib\npm.js:193:9)
13 verbose stack     at async module.exports (C:\Program Files\nodejs\node_modules\npm\lib\cli\entry.js:67:5)
14 error code EPERM
15 error syscall mkdir
16 error path C:\
17 error errno -4048
18 error Error: EPERM: operation not permitted, mkdir 'C:\'
18 error     at async mkdir (node:internal/fs/promises:859:10)
18 error     at async Arborist.reify (C:\Program Files\nodejs\node_modules\npm\node_modules\@npmcli\arborist\lib\arborist\reify.js:106:7)
18 error     at async Install.exec (C:\Program Files\nodejs\node_modules\npm\lib\commands\install.js:146:5)
18 error     at async Npm.exec (C:\Program Files\nodejs\node_modules\npm\lib\npm.js:193:9)
18 error     at async module.exports (C:\Program Files\nodejs\node_modules\npm\lib\cli\entry.js:67:5) {
18 error   errno: -4048,
18 error   code: 'EPERM',
18 error   syscall: 'mkdir',
18 error   path: 'C:\\'
18 error }
19 error
19 error The operation was rejected by your operating system.
19 error It's possible that the file was already in use (by a text editor or antivirus), or that you lack permissions to access it.
19 error
19 error If you believe this might be a permissions issue, please double-check the permissions of the file and its containing directories, or try running the command again as root/Administrator.
20 silly unfinished npm timer reify 1781455113135
21 verbose cwd C:\smart-parcel-delivery\backend
22 verbose os Windows_NT 10.0.26200
23 verbose node v24.16.0
24 verbose npm  v11.13.0
25 verbose exit -4048
26 verbose code -4048
27 error A complete log of this run can be found in: C:\smart-parcel-delivery\backend\.npm-cache\_logs\2026-06-14T16_38_32_773Z-debug-0.log
