0 verbose cli C:\Program Files\nodejs\node.exe C:\Program Files\nodejs\node_modules\npm\bin\npm-cli.js
1 info using npm@11.13.0
2 info using node@v24.16.0
3 silly config load:file:C:\Program Files\nodejs\node_modules\npm\npmrc
4 silly config load:file:c:\smart-parcel-delivery\.npmrc
5 silly config load:file:C:\Users\Admin-pc\.npmrc
6 silly config load:file:c:\smart-parcel-delivery\etc\npmrc
7 verbose title npm install express cors dotenv mysql2 bcrypt jsonwebtoken
8 verbose argv "install" "express" "cors" "dotenv" "mysql2" "bcrypt" "jsonwebtoken" "--no-audit" "--no-fund" "--save-dev" "--prefix" "."
9 verbose logfile logs-max:10 dir:C:\smart-parcel-delivery\backend\.npm-cache\_logs\2026-06-14T16_42_56_291Z-
10 verbose logfile C:\smart-parcel-delivery\backend\.npm-cache\_logs\2026-06-14T16_42_56_291Z-debug-0.log
11 silly logfile done cleaning log files
12 silly packumentCache heap:2348810240 maxSize:587202560 maxEntrySize:293601280
13 silly idealTree buildDeps
14 silly fetch manifest express@*
15 silly packumentCache full:https://registry.npmjs.org/express cache-miss
16 http fetch GET 200 https://registry.npmjs.org/express 787ms (cache miss)
17 silly packumentCache full:https://registry.npmjs.org/express set size:undefined disposed:false
18 silly fetch manifest cors@*
19 silly packumentCache full:https://registry.npmjs.org/cors cache-miss
20 http fetch GET 200 https://registry.npmjs.org/cors 219ms (cache miss)
21 silly packumentCache full:https://registry.npmjs.org/cors set size:undefined disposed:false
22 silly fetch manifest dotenv@*
23 silly packumentCache full:https://registry.npmjs.org/dotenv cache-miss
24 http fetch GET 200 https://registry.npmjs.org/dotenv 678ms (cache miss)
25 silly packumentCache full:https://registry.npmjs.org/dotenv set size:undefined disposed:false
26 silly fetch manifest mysql2@*
27 silly packumentCache full:https://registry.npmjs.org/mysql2 cache-miss
28 http fetch GET 200 https://registry.npmjs.org/mysql2 798ms (cache miss)
29 silly packumentCache full:https://registry.npmjs.org/mysql2 set size:undefined disposed:false
30 silly fetch manifest @types/node@>= 8
31 silly packumentCache full:https://registry.npmjs.org/@types%2fnode cache-miss
32 http fetch GET 200 https://registry.npmjs.org/@types%2fnode 4930ms (cache miss)
33 silly packumentCache full:https://registry.npmjs.org/@types%2fnode set size:undefined disposed:false
34 silly fetch manifest bcrypt@*
35 silly packumentCache full:https://registry.npmjs.org/bcrypt cache-miss
36 http fetch GET 200 https://registry.npmjs.org/bcrypt 525ms (cache miss)
37 silly packumentCache full:https://registry.npmjs.org/bcrypt set size:undefined disposed:false
38 silly fetch manifest jsonwebtoken@*
39 silly packumentCache full:https://registry.npmjs.org/jsonwebtoken cache-miss
40 http fetch GET 200 https://registry.npmjs.org/jsonwebtoken 708ms (cache miss)
41 silly packumentCache full:https://registry.npmjs.org/jsonwebtoken set size:undefined disposed:false
42 silly placeDep ROOT bcrypt@6.0.0 OK for:  want: *
43 silly placeDep ROOT cors@2.8.6 OK for:  want: *
44 silly placeDep ROOT dotenv@17.4.2 OK for:  want: *
45 silly placeDep ROOT express@5.2.1 OK for:  want: *
46 silly placeDep ROOT jsonwebtoken@9.0.3 OK for:  want: *
47 silly placeDep ROOT mysql2@3.22.5 OK for:  want: *
48 silly placeDep ROOT @types/node@25.9.3 OK for: mysql2@3.22.5 want: >= 8
49 silly fetch manifest node-addon-api@^8.3.0
50 silly packumentCache full:https://registry.npmjs.org/node-addon-api cache-miss
51 silly fetch manifest node-gyp-build@^4.8.4
52 silly packumentCache full:https://registry.npmjs.org/node-gyp-build cache-miss
53 silly fetch manifest object-assign@^4
54 silly packumentCache full:https://registry.npmjs.org/object-assign cache-miss
55 silly fetch manifest vary@^1
56 silly packumentCache full:https://registry.npmjs.org/vary cache-miss
57 silly fetch manifest qs@^6.14.0
58 silly packumentCache full:https://registry.npmjs.org/qs cache-miss
59 silly fetch manifest depd@^2.0.0
60 silly packumentCache full:https://registry.npmjs.org/depd cache-miss
61 silly fetch manifest etag@^1.8.1
62 silly packumentCache full:https://registry.npmjs.org/etag cache-miss
63 http fetch GET 200 https://registry.npmjs.org/vary 197ms (cache miss)
64 silly packumentCache full:https://registry.npmjs.org/vary set size:undefined disposed:false
65 silly fetch manifest once@^1.4.0
66 silly packumentCache full:https://registry.npmjs.org/once cache-miss
67 http fetch GET 200 https://registry.npmjs.org/etag 199ms (cache miss)
68 silly packumentCache full:https://registry.npmjs.org/etag set size:undefined disposed:false
69 silly fetch manifest send@^1.1.0
70 silly packumentCache full:https://registry.npmjs.org/send cache-miss
71 http fetch GET 200 https://registry.npmjs.org/depd 211ms (cache miss)
72 silly packumentCache full:https://registry.npmjs.org/depd set size:undefined disposed:false
73 silly fetch manifest vary@^1.1.2
74 silly packumentCache full:https://registry.npmjs.org/vary cache-miss
75 http cache https://registry.npmjs.org/vary 7ms (cache hit)
76 silly packumentCache full:https://registry.npmjs.org/vary set size:15994 disposed:false
77 silly fetch manifest debug@^4.4.0
78 silly packumentCache full:https://registry.npmjs.org/debug cache-miss
79 http fetch GET 200 https://registry.npmjs.org/send 92ms (cache miss)
80 silly packumentCache full:https://registry.npmjs.org/send set size:undefined disposed:false
81 silly fetch manifest fresh@^2.0.0
82 silly packumentCache full:https://registry.npmjs.org/fresh cache-miss
83 http fetch GET 200 https://registry.npmjs.org/once 99ms (cache miss)
84 silly packumentCache full:https://registry.npmjs.org/once set size:undefined disposed:false
85 silly fetch manifest cookie@^0.7.1
86 silly packumentCache full:https://registry.npmjs.org/cookie cache-miss
87 http fetch GET 200 https://registry.npmjs.org/debug 104ms (cache miss)
88 silly packumentCache full:https://registry.npmjs.org/debug set size:undefined disposed:false
89 silly fetch manifest router@^2.2.0
90 silly packumentCache full:https://registry.npmjs.org/router cache-miss
91 http fetch GET 200 https://registry.npmjs.org/fresh 65ms (cache miss)
92 silly packumentCache full:https://registry.npmjs.org/fresh set size:undefined disposed:false
93 silly fetch manifest accepts@^2.0.0
94 silly packumentCache full:https://registry.npmjs.org/accepts cache-miss
95 http fetch GET 200 https://registry.npmjs.org/cookie 71ms (cache miss)
96 silly packumentCache full:https://registry.npmjs.org/cookie set size:undefined disposed:false
97 silly fetch manifest type-is@^2.0.1
98 silly packumentCache full:https://registry.npmjs.org/type-is cache-miss
99 http fetch GET 200 https://registry.npmjs.org/accepts 74ms (cache miss)
100 silly packumentCache full:https://registry.npmjs.org/accepts set size:undefined disposed:false
101 silly fetch manifest parseurl@^1.3.3
102 silly packumentCache full:https://registry.npmjs.org/parseurl cache-miss
103 http fetch GET 200 https://registry.npmjs.org/node-gyp-build 445ms (cache miss)
104 silly packumentCache full:https://registry.npmjs.org/node-gyp-build set size:undefined disposed:false
105 silly fetch manifest statuses@^2.0.1
106 silly packumentCache full:https://registry.npmjs.org/statuses cache-miss
107 http fetch GET 200 https://registry.npmjs.org/type-is 80ms (cache miss)
108 silly packumentCache full:https://registry.npmjs.org/type-is set size:undefined disposed:false
109 silly fetch manifest encodeurl@^2.0.0
110 silly packumentCache full:https://registry.npmjs.org/encodeurl cache-miss
111 http fetch GET 200 https://registry.npmjs.org/object-assign 464ms (cache miss)
112 silly packumentCache full:https://registry.npmjs.org/object-assign set size:undefined disposed:false
113 silly fetch manifest mime-types@^3.0.0
114 silly packumentCache full:https://registry.npmjs.org/mime-types cache-miss
115 http fetch GET 200 https://registry.npmjs.org/parseurl 74ms (cache miss)
116 silly packumentCache full:https://registry.npmjs.org/parseurl set size:undefined disposed:false
117 silly fetch manifest proxy-addr@^2.0.7
118 silly packumentCache full:https://registry.npmjs.org/proxy-addr cache-miss
119 http fetch GET 200 https://registry.npmjs.org/statuses 70ms (cache miss)
120 silly packumentCache full:https://registry.npmjs.org/statuses set size:undefined disposed:false
121 silly fetch manifest body-parser@^2.2.1
122 silly packumentCache full:https://registry.npmjs.org/body-parser cache-miss
123 http fetch GET 200 https://registry.npmjs.org/encodeurl 69ms (cache miss)
124 silly packumentCache full:https://registry.npmjs.org/encodeurl set size:undefined disposed:false
125 silly fetch manifest escape-html@^1.0.3
126 silly packumentCache full:https://registry.npmjs.org/escape-html cache-miss
127 http fetch GET 200 https://registry.npmjs.org/mime-types 88ms (cache miss)
128 silly packumentCache full:https://registry.npmjs.org/mime-types set size:undefined disposed:false
129 silly fetch manifest http-errors@^2.0.0
130 silly packumentCache full:https://registry.npmjs.org/http-errors cache-miss
131 http fetch GET 200 https://registry.npmjs.org/qs 566ms (cache miss)
132 silly packumentCache full:https://registry.npmjs.org/qs set size:undefined disposed:false
133 silly fetch manifest on-finished@^2.4.1
134 silly packumentCache full:https://registry.npmjs.org/on-finished cache-miss
135 http fetch GET 200 https://registry.npmjs.org/proxy-addr 74ms (cache miss)
136 silly packumentCache full:https://registry.npmjs.org/proxy-addr set size:undefined disposed:false
137 silly fetch manifest content-type@^1.0.5
138 silly packumentCache full:https://registry.npmjs.org/content-type cache-miss
139 http fetch GET 200 https://registry.npmjs.org/body-parser 85ms (cache miss)
140 silly packumentCache full:https://registry.npmjs.org/body-parser set size:undefined disposed:false
141 silly fetch manifest finalhandler@^2.1.0
142 silly packumentCache full:https://registry.npmjs.org/finalhandler cache-miss
143 http fetch GET 200 https://registry.npmjs.org/http-errors 102ms (cache miss)
144 silly packumentCache full:https://registry.npmjs.org/http-errors set size:undefined disposed:false
145 silly fetch manifest range-parser@^1.2.1
146 silly packumentCache full:https://registry.npmjs.org/range-parser cache-miss
147 http fetch GET 200 https://registry.npmjs.org/content-type 76ms (cache miss)
148 silly packumentCache full:https://registry.npmjs.org/content-type set size:undefined disposed:false
149 silly fetch manifest serve-static@^2.2.0
150 silly packumentCache full:https://registry.npmjs.org/serve-static cache-miss
151 http fetch GET 200 https://registry.npmjs.org/on-finished 116ms (cache miss)
152 silly packumentCache full:https://registry.npmjs.org/on-finished set size:undefined disposed:false
153 silly fetch manifest cookie-signature@^1.2.1
154 silly packumentCache full:https://registry.npmjs.org/cookie-signature cache-miss
155 http fetch GET 200 https://registry.npmjs.org/finalhandler 82ms (cache miss)
156 silly packumentCache full:https://registry.npmjs.org/finalhandler set size:undefined disposed:false
157 silly fetch manifest merge-descriptors@^2.0.0
158 silly packumentCache full:https://registry.npmjs.org/merge-descriptors cache-miss
159 http fetch GET 200 https://registry.npmjs.org/router 374ms (cache miss)
160 silly packumentCache full:https://registry.npmjs.org/router set size:undefined disposed:false
161 silly fetch manifest content-disposition@^1.0.0
162 silly packumentCache full:https://registry.npmjs.org/content-disposition cache-miss
163 http fetch GET 200 https://registry.npmjs.org/node-addon-api 747ms (cache miss)
164 silly packumentCache full:https://registry.npmjs.org/node-addon-api set size:undefined disposed:false
165 silly fetch manifest ms@^2.1.1
166 silly packumentCache full:https://registry.npmjs.org/ms cache-miss
167 http fetch GET 200 https://registry.npmjs.org/range-parser 97ms (cache miss)
168 silly packumentCache full:https://registry.npmjs.org/range-parser set size:undefined disposed:false
169 silly fetch manifest jws@^4.0.1
170 silly packumentCache full:https://registry.npmjs.org/jws cache-miss
171 http fetch GET 200 https://registry.npmjs.org/cookie-signature 81ms (cache miss)
172 silly packumentCache full:https://registry.npmjs.org/cookie-signature set size:undefined disposed:false
173 silly fetch manifest semver@^7.5.4
174 silly packumentCache full:https://registry.npmjs.org/semver cache-miss
175 http fetch GET 200 https://registry.npmjs.org/content-disposition 92ms (cache miss)
176 silly packumentCache full:https://registry.npmjs.org/content-disposition set size:undefined disposed:false
177 silly fetch manifest lodash.once@^4.0.0
178 silly packumentCache full:https://registry.npmjs.org/lodash.once cache-miss
179 http fetch GET 200 https://registry.npmjs.org/jws 66ms (cache miss)
180 silly packumentCache full:https://registry.npmjs.org/jws set size:undefined disposed:false
181 silly fetch manifest lodash.includes@^4.3.0
182 silly packumentCache full:https://registry.npmjs.org/lodash.includes cache-miss
183 http fetch GET 200 https://registry.npmjs.org/escape-html 323ms (cache miss)
184 silly packumentCache full:https://registry.npmjs.org/escape-html set size:undefined disposed:false
185 silly fetch manifest lodash.isnumber@^3.0.3
186 silly packumentCache full:https://registry.npmjs.org/lodash.isnumber cache-miss
187 http fetch GET 200 https://registry.npmjs.org/semver 101ms (cache miss)
188 silly packumentCache full:https://registry.npmjs.org/semver set size:undefined disposed:false
189 silly fetch manifest lodash.isstring@^4.0.1
190 silly packumentCache full:https://registry.npmjs.org/lodash.isstring cache-miss
191 http fetch GET 200 https://registry.npmjs.org/lodash.includes 78ms (cache miss)
192 silly packumentCache full:https://registry.npmjs.org/lodash.includes set size:undefined disposed:false
193 silly fetch manifest lodash.isboolean@^3.0.3
194 silly packumentCache full:https://registry.npmjs.org/lodash.isboolean cache-miss
195 http fetch GET 200 https://registry.npmjs.org/ms 156ms (cache miss)
196 silly packumentCache full:https://registry.npmjs.org/ms set size:undefined disposed:false
197 silly fetch manifest lodash.isinteger@^4.0.4
198 silly packumentCache full:https://registry.npmjs.org/lodash.isinteger cache-miss
199 http fetch GET 200 https://registry.npmjs.org/lodash.isnumber 68ms (cache miss)
200 silly packumentCache full:https://registry.npmjs.org/lodash.isnumber set size:undefined disposed:false
201 silly fetch manifest lodash.isplainobject@^4.0.6
202 silly packumentCache full:https://registry.npmjs.org/lodash.isplainobject cache-miss
203 http fetch GET 200 https://registry.npmjs.org/lodash.isstring 64ms (cache miss)
204 silly packumentCache full:https://registry.npmjs.org/lodash.isstring set size:undefined disposed:false
205 silly fetch manifest aws-ssl-profiles@^1.1.2
206 silly packumentCache full:https://registry.npmjs.org/aws-ssl-profiles cache-miss
207 http fetch GET 200 https://registry.npmjs.org/lodash.isboolean 71ms (cache miss)
208 silly packumentCache full:https://registry.npmjs.org/lodash.isboolean set size:undefined disposed:false
209 silly fetch manifest denque@^2.1.0
210 silly packumentCache full:https://registry.npmjs.org/denque cache-miss
211 http fetch GET 200 https://registry.npmjs.org/lodash.isplainobject 87ms (cache miss)
212 silly packumentCache full:https://registry.npmjs.org/lodash.isplainobject set size:undefined disposed:false
213 silly fetch manifest generate-function@^2.3.1
214 silly packumentCache full:https://registry.npmjs.org/generate-function cache-miss
215 http fetch GET 200 https://registry.npmjs.org/serve-static 340ms (cache miss)
216 silly packumentCache full:https://registry.npmjs.org/serve-static set size:undefined disposed:false
217 silly fetch manifest iconv-lite@^0.7.2
218 silly packumentCache full:https://registry.npmjs.org/iconv-lite cache-miss
219 http fetch GET 200 https://registry.npmjs.org/merge-descriptors 350ms (cache miss)
220 silly packumentCache full:https://registry.npmjs.org/merge-descriptors set size:undefined disposed:false
221 silly fetch manifest long@^5.3.2
222 silly packumentCache full:https://registry.npmjs.org/long cache-miss
223 http fetch GET 200 https://registry.npmjs.org/denque 78ms (cache miss)
224 silly packumentCache full:https://registry.npmjs.org/denque set size:undefined disposed:false
225 silly fetch manifest lru.min@^1.1.4
226 silly packumentCache full:https://registry.npmjs.org/lru.min cache-miss
227 http fetch GET 200 https://registry.npmjs.org/iconv-lite 93ms (cache miss)
228 silly packumentCache full:https://registry.npmjs.org/iconv-lite set size:undefined disposed:false
229 silly fetch manifest named-placeholders@^1.1.6
230 silly packumentCache full:https://registry.npmjs.org/named-placeholders cache-miss
231 http fetch GET 200 https://registry.npmjs.org/lodash.once 316ms (cache miss)
232 silly packumentCache full:https://registry.npmjs.org/lodash.once set size:undefined disposed:false
233 silly fetch manifest sql-escaper@^1.3.3
234 silly packumentCache full:https://registry.npmjs.org/sql-escaper cache-miss
235 http fetch GET 200 https://registry.npmjs.org/lodash.isinteger 359ms (cache miss)
236 silly packumentCache full:https://registry.npmjs.org/lodash.isinteger set size:undefined disposed:false
237 silly fetch manifest undici-types@>=7.24.0 <7.24.7
238 silly packumentCache full:https://registry.npmjs.org/undici-types cache-miss
239 http fetch GET 200 https://registry.npmjs.org/aws-ssl-profiles 333ms (cache miss)
240 silly packumentCache full:https://registry.npmjs.org/aws-ssl-profiles set size:undefined disposed:false
241 http fetch GET 200 https://registry.npmjs.org/generate-function 336ms (cache miss)
242 silly packumentCache full:https://registry.npmjs.org/generate-function set size:undefined disposed:false
243 http fetch GET 200 https://registry.npmjs.org/lru.min 325ms (cache miss)
244 silly packumentCache full:https://registry.npmjs.org/lru.min set size:undefined disposed:false
245 http fetch GET 200 https://registry.npmjs.org/named-placeholders 333ms (cache miss)
246 silly packumentCache full:https://registry.npmjs.org/named-placeholders set size:undefined disposed:false
247 http fetch GET 200 https://registry.npmjs.org/sql-escaper 344ms (cache miss)
248 silly packumentCache full:https://registry.npmjs.org/sql-escaper set size:undefined disposed:false
249 http fetch GET 200 https://registry.npmjs.org/long 471ms (cache miss)
250 silly packumentCache full:https://registry.npmjs.org/long set size:undefined disposed:false
251 http fetch GET 200 https://registry.npmjs.org/undici-types 246ms (cache miss)
252 silly packumentCache full:https://registry.npmjs.org/undici-types set size:undefined disposed:false
253 silly placeDep ROOT undici-types@7.24.6 OK for: @types/node@25.9.3 want: >=7.24.0 <7.24.7
254 silly placeDep ROOT node-addon-api@8.8.0 OK for: bcrypt@6.0.0 want: ^8.3.0
255 silly placeDep ROOT node-gyp-build@4.8.4 OK for: bcrypt@6.0.0 want: ^4.8.4
256 silly placeDep ROOT object-assign@4.1.1 OK for: cors@2.8.6 want: ^4
257 silly placeDep ROOT vary@1.1.2 OK for: cors@2.8.6 want: ^1
258 silly placeDep ROOT accepts@2.0.0 OK for: express@5.2.1 want: ^2.0.0
259 silly placeDep ROOT body-parser@2.2.2 OK for: express@5.2.1 want: ^2.2.1
260 silly placeDep ROOT content-disposition@1.1.0 OK for: express@5.2.1 want: ^1.0.0
261 silly placeDep ROOT content-type@1.0.5 OK for: express@5.2.1 want: ^1.0.5
262 silly placeDep ROOT cookie@0.7.2 OK for: express@5.2.1 want: ^0.7.1
263 silly placeDep ROOT cookie-signature@1.2.2 OK for: express@5.2.1 want: ^1.2.1
264 silly placeDep ROOT debug@4.4.3 OK for: express@5.2.1 want: ^4.4.0
265 silly placeDep ROOT depd@2.0.0 OK for: express@5.2.1 want: ^2.0.0
266 silly placeDep ROOT encodeurl@2.0.0 OK for: express@5.2.1 want: ^2.0.0
267 silly placeDep ROOT escape-html@1.0.3 OK for: express@5.2.1 want: ^1.0.3
268 silly placeDep ROOT etag@1.8.1 OK for: express@5.2.1 want: ^1.8.1
269 silly placeDep ROOT finalhandler@2.1.1 OK for: express@5.2.1 want: ^2.1.0
270 silly placeDep ROOT fresh@2.0.0 OK for: express@5.2.1 want: ^2.0.0
271 silly placeDep ROOT http-errors@2.0.1 OK for: express@5.2.1 want: ^2.0.0
272 silly placeDep ROOT merge-descriptors@2.0.0 OK for: express@5.2.1 want: ^2.0.0
273 silly placeDep ROOT mime-types@3.0.2 OK for: express@5.2.1 want: ^3.0.0
274 silly placeDep ROOT on-finished@2.4.1 OK for: express@5.2.1 want: ^2.4.1
275 silly placeDep ROOT once@1.4.0 OK for: express@5.2.1 want: ^1.4.0
276 silly placeDep ROOT parseurl@1.3.3 OK for: express@5.2.1 want: ^1.3.3
277 silly placeDep ROOT proxy-addr@2.0.7 OK for: express@5.2.1 want: ^2.0.7
278 silly placeDep ROOT qs@6.15.2 OK for: express@5.2.1 want: ^6.14.0
279 silly placeDep ROOT range-parser@1.2.1 OK for: express@5.2.1 want: ^1.2.1
280 silly placeDep ROOT router@2.2.0 OK for: express@5.2.1 want: ^2.2.0
281 silly placeDep ROOT send@1.2.1 OK for: express@5.2.1 want: ^1.1.0
282 silly placeDep ROOT serve-static@2.2.1 OK for: express@5.2.1 want: ^2.2.0
283 silly placeDep ROOT statuses@2.0.2 OK for: express@5.2.1 want: ^2.0.1
284 silly placeDep ROOT type-is@2.1.0 OK for: express@5.2.1 want: ^2.0.1
285 silly fetch manifest negotiator@^1.0.0
286 silly packumentCache full:https://registry.npmjs.org/negotiator cache-miss
287 silly fetch manifest qs@^6.14.1
288 silly packumentCache full:https://registry.npmjs.org/qs cache-miss
289 silly fetch manifest bytes@^3.1.2
290 silly packumentCache full:https://registry.npmjs.org/bytes cache-miss
291 silly fetch manifest debug@^4.4.3
292 silly packumentCache full:https://registry.npmjs.org/debug cache-miss
293 silly fetch manifest raw-body@^3.0.1
294 silly packumentCache full:https://registry.npmjs.org/raw-body cache-miss
295 silly fetch manifest iconv-lite@^0.7.0
296 silly packumentCache full:https://registry.npmjs.org/iconv-lite cache-miss
297 silly fetch manifest ms@^2.1.3
298 silly packumentCache full:https://registry.npmjs.org/ms cache-miss
299 http cache https://registry.npmjs.org/debug 9ms (cache hit)
300 silly packumentCache full:https://registry.npmjs.org/debug set size:195840 disposed:false
301 silly fetch manifest inherits@~2.0.4
302 silly packumentCache full:https://registry.npmjs.org/inherits cache-miss
303 http cache https://registry.npmjs.org/qs 12ms (cache hit)
304 silly packumentCache full:https://registry.npmjs.org/qs set size:356906 disposed:false
305 silly fetch manifest setprototypeof@~1.2.0
306 silly packumentCache full:https://registry.npmjs.org/setprototypeof cache-miss
307 http cache https://registry.npmjs.org/iconv-lite 14ms (cache hit)
308 silly packumentCache full:https://registry.npmjs.org/iconv-lite set size:120557 disposed:false
309 silly fetch manifest statuses@~2.0.2
310 silly packumentCache full:https://registry.npmjs.org/statuses cache-miss
311 http cache https://registry.npmjs.org/ms 18ms (cache hit)
312 silly packumentCache full:https://registry.npmjs.org/ms set size:92208 disposed:false
313 silly fetch manifest toidentifier@~1.0.1
314 silly packumentCache full:https://registry.npmjs.org/toidentifier cache-miss
315 http cache https://registry.npmjs.org/statuses 8ms (cache hit)
316 silly packumentCache full:https://registry.npmjs.org/statuses set size:37117 disposed:false
317 silly fetch manifest mime-db@^1.54.0
318 silly packumentCache full:https://registry.npmjs.org/mime-db cache-miss
319 http fetch GET 200 https://registry.npmjs.org/bytes 82ms (cache miss)
320 silly packumentCache full:https://registry.npmjs.org/bytes set size:undefined disposed:false
321 silly fetch manifest ee-first@1.1.1
322 silly packumentCache full:https://registry.npmjs.org/ee-first cache-miss
323 http fetch GET 200 https://registry.npmjs.org/negotiator 87ms (cache miss)
324 silly packumentCache full:https://registry.npmjs.org/negotiator set size:undefined disposed:false
325 silly fetch manifest wrappy@1
326 silly packumentCache full:https://registry.npmjs.org/wrappy cache-miss
327 http fetch GET 200 https://registry.npmjs.org/raw-body 89ms (cache miss)
328 silly packumentCache full:https://registry.npmjs.org/raw-body set size:undefined disposed:false
329 silly fetch manifest forwarded@0.2.0
330 silly packumentCache full:https://registry.npmjs.org/forwarded cache-miss
331 http fetch GET 200 https://registry.npmjs.org/inherits 81ms (cache miss)
332 silly packumentCache full:https://registry.npmjs.org/inherits set size:undefined disposed:false
333 silly fetch manifest ipaddr.js@1.9.1
334 silly packumentCache full:https://registry.npmjs.org/ipaddr.js cache-miss
335 http fetch GET 200 https://registry.npmjs.org/setprototypeof 81ms (cache miss)
336 silly packumentCache full:https://registry.npmjs.org/setprototypeof set size:undefined disposed:false
337 silly fetch manifest side-channel@^1.1.0
338 silly packumentCache full:https://registry.npmjs.org/side-channel cache-miss
339 http fetch GET 200 https://registry.npmjs.org/toidentifier 118ms (cache miss)
340 silly packumentCache full:https://registry.npmjs.org/toidentifier set size:undefined disposed:false
341 silly fetch manifest is-promise@^4.0.0
342 silly packumentCache full:https://registry.npmjs.org/is-promise cache-miss
343 http fetch GET 200 https://registry.npmjs.org/wrappy 69ms (cache miss)
344 silly packumentCache full:https://registry.npmjs.org/wrappy set size:undefined disposed:false
345 silly fetch manifest path-to-regexp@^8.0.0
346 silly packumentCache full:https://registry.npmjs.org/path-to-regexp cache-miss
347 http fetch GET 200 https://registry.npmjs.org/forwarded 70ms (cache miss)
348 silly packumentCache full:https://registry.npmjs.org/forwarded set size:undefined disposed:false
349 silly fetch manifest statuses@^2.0.2
350 silly packumentCache full:https://registry.npmjs.org/statuses cache-hit
351 silly fetch manifest content-type@^2.0.0
352 silly packumentCache full:https://registry.npmjs.org/content-type cache-miss
353 http cache https://registry.npmjs.org/content-type 4ms (cache hit)
354 silly packumentCache full:https://registry.npmjs.org/content-type set size:18994 disposed:false
355 silly fetch manifest media-typer@^1.1.0
356 silly packumentCache full:https://registry.npmjs.org/media-typer cache-miss
357 http fetch GET 200 https://registry.npmjs.org/ee-first 85ms (cache miss)
358 silly packumentCache full:https://registry.npmjs.org/ee-first set size:undefined disposed:false
359 http fetch GET 200 https://registry.npmjs.org/side-channel 89ms (cache miss)
360 silly packumentCache full:https://registry.npmjs.org/side-channel set size:undefined disposed:false
361 http fetch GET 200 https://registry.npmjs.org/media-typer 73ms (cache miss)
362 silly packumentCache full:https://registry.npmjs.org/media-typer set size:undefined disposed:false
363 http fetch GET 200 https://registry.npmjs.org/path-to-regexp 84ms (cache miss)
364 silly packumentCache full:https://registry.npmjs.org/path-to-regexp set size:undefined disposed:false
365 http fetch GET 200 https://registry.npmjs.org/ipaddr.js 322ms (cache miss)
366 silly packumentCache full:https://registry.npmjs.org/ipaddr.js set size:undefined disposed:false
367 http fetch GET 200 https://registry.npmjs.org/is-promise 379ms (cache miss)
368 silly packumentCache full:https://registry.npmjs.org/is-promise set size:undefined disposed:false
369 http fetch GET 200 https://registry.npmjs.org/mime-db 634ms (cache miss)
370 silly packumentCache full:https://registry.npmjs.org/mime-db set size:undefined disposed:false
371 silly placeDep ROOT negotiator@1.0.0 OK for: accepts@2.0.0 want: ^1.0.0
372 silly placeDep ROOT bytes@3.1.2 OK for: body-parser@2.2.2 want: ^3.1.2
373 silly placeDep ROOT iconv-lite@0.7.2 OK for: body-parser@2.2.2 want: ^0.7.0
374 silly placeDep ROOT raw-body@3.0.2 OK for: body-parser@2.2.2 want: ^3.0.1
375 silly fetch manifest safer-buffer@>= 2.1.2 < 3.0.0
376 silly packumentCache full:https://registry.npmjs.org/safer-buffer cache-miss
377 silly fetch manifest unpipe@~1.0.0
378 silly packumentCache full:https://registry.npmjs.org/unpipe cache-miss
379 http fetch GET 200 https://registry.npmjs.org/safer-buffer 81ms (cache miss)
380 silly packumentCache full:https://registry.npmjs.org/safer-buffer set size:undefined disposed:false
381 http fetch GET 200 https://registry.npmjs.org/unpipe 323ms (cache miss)
382 silly packumentCache full:https://registry.npmjs.org/unpipe set size:undefined disposed:false
383 silly placeDep ROOT ms@2.1.3 OK for: debug@4.4.3 want: ^2.1.3
384 silly placeDep ROOT inherits@2.0.4 OK for: http-errors@2.0.1 want: ~2.0.4
385 silly placeDep ROOT setprototypeof@1.2.0 OK for: http-errors@2.0.1 want: ~1.2.0
386 silly placeDep ROOT toidentifier@1.0.1 OK for: http-errors@2.0.1 want: ~1.0.1
387 silly placeDep ROOT safer-buffer@2.1.2 OK for: iconv-lite@0.7.2 want: >= 2.1.2 < 3.0.0
388 silly placeDep ROOT jws@4.0.1 OK for: jsonwebtoken@9.0.3 want: ^4.0.1
389 silly placeDep ROOT lodash.includes@4.3.0 OK for: jsonwebtoken@9.0.3 want: ^4.3.0
390 silly placeDep ROOT lodash.isboolean@3.0.3 OK for: jsonwebtoken@9.0.3 want: ^3.0.3
391 silly placeDep ROOT lodash.isinteger@4.0.4 OK for: jsonwebtoken@9.0.3 want: ^4.0.4
392 silly placeDep ROOT lodash.isnumber@3.0.3 OK for: jsonwebtoken@9.0.3 want: ^3.0.3
393 silly placeDep ROOT lodash.isplainobject@4.0.6 OK for: jsonwebtoken@9.0.3 want: ^4.0.6
394 silly placeDep ROOT lodash.isstring@4.0.1 OK for: jsonwebtoken@9.0.3 want: ^4.0.1
395 silly placeDep ROOT lodash.once@4.1.1 OK for: jsonwebtoken@9.0.3 want: ^4.0.0
396 silly placeDep ROOT semver@7.8.4 OK for: jsonwebtoken@9.0.3 want: ^7.5.4
397 silly fetch manifest jwa@^2.0.1
398 silly packumentCache full:https://registry.npmjs.org/jwa cache-miss
399 silly fetch manifest safe-buffer@^5.0.1
400 silly packumentCache full:https://registry.npmjs.org/safe-buffer cache-miss
401 http fetch GET 200 https://registry.npmjs.org/jwa 67ms (cache miss)
402 silly packumentCache full:https://registry.npmjs.org/jwa set size:undefined disposed:false
403 http fetch GET 200 https://registry.npmjs.org/safe-buffer 80ms (cache miss)
404 silly packumentCache full:https://registry.npmjs.org/safe-buffer set size:undefined disposed:false
405 silly placeDep ROOT jwa@2.0.1 OK for: jws@4.0.1 want: ^2.0.1
406 silly placeDep ROOT safe-buffer@5.2.1 OK for: jws@4.0.1 want: ^5.0.1
407 silly fetch manifest ecdsa-sig-formatter@1.0.11
408 silly packumentCache full:https://registry.npmjs.org/ecdsa-sig-formatter cache-miss
409 silly fetch manifest buffer-equal-constant-time@^1.0.1
410 silly packumentCache full:https://registry.npmjs.org/buffer-equal-constant-time cache-miss
411 http fetch GET 200 https://registry.npmjs.org/ecdsa-sig-formatter 79ms (cache miss)
412 silly packumentCache full:https://registry.npmjs.org/ecdsa-sig-formatter set size:undefined disposed:false
413 http fetch GET 200 https://registry.npmjs.org/buffer-equal-constant-time 364ms (cache miss)
414 silly packumentCache full:https://registry.npmjs.org/buffer-equal-constant-time set size:undefined disposed:false
415 silly placeDep ROOT buffer-equal-constant-time@1.0.1 OK for: jwa@2.0.1 want: ^1.0.1
416 silly placeDep ROOT ecdsa-sig-formatter@1.0.11 OK for: jwa@2.0.1 want: 1.0.11
417 silly placeDep ROOT mime-db@1.54.0 OK for: mime-types@3.0.2 want: ^1.54.0
418 silly placeDep ROOT aws-ssl-profiles@1.1.2 OK for: mysql2@3.22.5 want: ^1.1.2
419 silly placeDep ROOT denque@2.1.0 OK for: mysql2@3.22.5 want: ^2.1.0
420 silly placeDep ROOT generate-function@2.3.1 OK for: mysql2@3.22.5 want: ^2.3.1
421 silly placeDep ROOT long@5.3.2 OK for: mysql2@3.22.5 want: ^5.3.2
422 silly placeDep ROOT lru.min@1.1.4 OK for: mysql2@3.22.5 want: ^1.1.4
423 silly placeDep ROOT named-placeholders@1.1.6 OK for: mysql2@3.22.5 want: ^1.1.6
424 silly placeDep ROOT sql-escaper@1.3.3 OK for: mysql2@3.22.5 want: ^1.3.3
425 silly fetch manifest is-property@^1.0.2
426 silly packumentCache full:https://registry.npmjs.org/is-property cache-miss
427 http fetch GET 200 https://registry.npmjs.org/is-property 396ms (cache miss)
428 silly packumentCache full:https://registry.npmjs.org/is-property set size:undefined disposed:false
429 silly placeDep ROOT is-property@1.0.2 OK for: generate-function@2.3.1 want: ^1.0.2
430 silly placeDep ROOT ee-first@1.1.1 OK for: on-finished@2.4.1 want: 1.1.1
431 silly placeDep ROOT wrappy@1.0.2 OK for: once@1.4.0 want: 1
432 silly placeDep ROOT forwarded@0.2.0 OK for: proxy-addr@2.0.7 want: 0.2.0
433 silly placeDep ROOT ipaddr.js@1.9.1 OK for: proxy-addr@2.0.7 want: 1.9.1
434 silly placeDep ROOT side-channel@1.1.1 OK for: qs@6.15.2 want: ^1.1.0
435 silly fetch manifest es-errors@^1.3.0
436 silly packumentCache full:https://registry.npmjs.org/es-errors cache-miss
437 silly fetch manifest object-inspect@^1.13.4
438 silly packumentCache full:https://registry.npmjs.org/object-inspect cache-miss
439 silly fetch manifest side-channel-list@^1.0.1
440 silly packumentCache full:https://registry.npmjs.org/side-channel-list cache-miss
441 silly fetch manifest side-channel-map@^1.0.1
442 silly packumentCache full:https://registry.npmjs.org/side-channel-map cache-miss
443 silly fetch manifest side-channel-weakmap@^1.0.2
444 silly packumentCache full:https://registry.npmjs.org/side-channel-weakmap cache-miss
445 http fetch GET 200 https://registry.npmjs.org/side-channel-list 73ms (cache miss)
446 silly packumentCache full:https://registry.npmjs.org/side-channel-list set size:undefined disposed:false
447 http fetch GET 200 https://registry.npmjs.org/es-errors 89ms (cache miss)
448 silly packumentCache full:https://registry.npmjs.org/es-errors set size:undefined disposed:false
449 http fetch GET 200 https://registry.npmjs.org/side-channel-map 90ms (cache miss)
450 silly packumentCache full:https://registry.npmjs.org/side-channel-map set size:undefined disposed:false
451 http fetch GET 200 https://registry.npmjs.org/side-channel-weakmap 95ms (cache miss)
452 silly packumentCache full:https://registry.npmjs.org/side-channel-weakmap set size:undefined disposed:false
453 http fetch GET 200 https://registry.npmjs.org/object-inspect 97ms (cache miss)
454 silly packumentCache full:https://registry.npmjs.org/object-inspect set size:undefined disposed:false
455 silly placeDep ROOT unpipe@1.0.0 OK for: raw-body@3.0.2 want: ~1.0.0
456 silly placeDep ROOT is-promise@4.0.0 OK for: router@2.2.0 want: ^4.0.0
457 silly placeDep ROOT path-to-regexp@8.4.2 OK for: router@2.2.0 want: ^8.0.0
458 silly placeDep ROOT es-errors@1.3.0 OK for: side-channel@1.1.1 want: ^1.3.0
459 silly placeDep ROOT object-inspect@1.13.4 OK for: side-channel@1.1.1 want: ^1.13.4
460 silly placeDep ROOT side-channel-list@1.0.1 OK for: side-channel@1.1.1 want: ^1.0.1
461 silly placeDep ROOT side-channel-map@1.0.1 OK for: side-channel@1.1.1 want: ^1.0.1
462 silly placeDep ROOT side-channel-weakmap@1.0.2 OK for: side-channel@1.1.1 want: ^1.0.2
463 silly fetch manifest call-bound@^1.0.2
464 silly packumentCache full:https://registry.npmjs.org/call-bound cache-miss
465 silly fetch manifest get-intrinsic@^1.2.5
466 silly packumentCache full:https://registry.npmjs.org/get-intrinsic cache-miss
467 silly fetch manifest call-bound@^1.0.2
468 silly packumentCache full:https://registry.npmjs.org/call-bound cache-miss
469 silly fetch manifest get-intrinsic@^1.2.5
470 silly packumentCache full:https://registry.npmjs.org/get-intrinsic cache-miss
471 http fetch GET 200 https://registry.npmjs.org/call-bound 76ms (cache miss)
472 silly packumentCache full:https://registry.npmjs.org/call-bound set size:undefined disposed:false
473 http fetch GET 200 https://registry.npmjs.org/get-intrinsic 86ms (cache miss)
474 silly packumentCache full:https://registry.npmjs.org/get-intrinsic set size:undefined disposed:false
475 http fetch GET 200 https://registry.npmjs.org/get-intrinsic 300ms (cache miss)
476 silly packumentCache full:https://registry.npmjs.org/get-intrinsic set size:undefined disposed:false
477 http fetch GET 200 https://registry.npmjs.org/call-bound 341ms (cache miss)
478 silly packumentCache full:https://registry.npmjs.org/call-bound set size:undefined disposed:false
479 silly placeDep ROOT call-bound@1.0.4 OK for: side-channel-map@1.0.1 want: ^1.0.2
480 silly placeDep ROOT get-intrinsic@1.3.0 OK for: side-channel-map@1.0.1 want: ^1.2.5
481 silly fetch manifest call-bind-apply-helpers@^1.0.2
482 silly packumentCache full:https://registry.npmjs.org/call-bind-apply-helpers cache-miss
483 silly fetch manifest get-intrinsic@^1.3.0
484 silly packumentCache full:https://registry.npmjs.org/get-intrinsic cache-miss
485 silly fetch manifest gopd@^1.2.0
486 silly packumentCache full:https://registry.npmjs.org/gopd cache-miss
487 silly fetch manifest hasown@^2.0.2
488 silly packumentCache full:https://registry.npmjs.org/hasown cache-miss
489 silly fetch manifest get-proto@^1.0.1
490 silly packumentCache full:https://registry.npmjs.org/get-proto cache-miss
491 silly fetch manifest has-symbols@^1.1.0
492 silly packumentCache full:https://registry.npmjs.org/has-symbols cache-miss
493 silly fetch manifest function-bind@^1.1.2
494 silly packumentCache full:https://registry.npmjs.org/function-bind cache-miss
495 http cache https://registry.npmjs.org/get-intrinsic 7ms (cache hit)
496 silly packumentCache full:https://registry.npmjs.org/get-intrinsic set size:60985 disposed:false
497 silly fetch manifest es-object-atoms@^1.1.1
498 silly packumentCache full:https://registry.npmjs.org/es-object-atoms cache-miss
499 http fetch GET 200 https://registry.npmjs.org/get-proto 66ms (cache miss)
500 silly packumentCache full:https://registry.npmjs.org/get-proto set size:undefined disposed:false
501 silly fetch manifest math-intrinsics@^1.1.0
502 silly packumentCache full:https://registry.npmjs.org/math-intrinsics cache-miss
503 http fetch GET 200 https://registry.npmjs.org/gopd 73ms (cache miss)
504 silly packumentCache full:https://registry.npmjs.org/gopd set size:undefined disposed:false
505 silly fetch manifest es-define-property@^1.0.1
506 silly packumentCache full:https://registry.npmjs.org/es-define-property cache-miss
507 http fetch GET 200 https://registry.npmjs.org/has-symbols 77ms (cache miss)
508 silly packumentCache full:https://registry.npmjs.org/has-symbols set size:undefined disposed:false
509 silly fetch manifest call-bind-apply-helpers@^1.0.2
510 silly packumentCache full:https://registry.npmjs.org/call-bind-apply-helpers cache-miss
511 http fetch GET 200 https://registry.npmjs.org/hasown 80ms (cache miss)
512 silly packumentCache full:https://registry.npmjs.org/hasown set size:undefined disposed:false
513 http fetch GET 200 https://registry.npmjs.org/call-bind-apply-helpers 88ms (cache miss)
514 silly packumentCache full:https://registry.npmjs.org/call-bind-apply-helpers set size:undefined disposed:false
515 http fetch GET 200 https://registry.npmjs.org/es-object-atoms 115ms (cache miss)
516 silly packumentCache full:https://registry.npmjs.org/es-object-atoms set size:undefined disposed:false
517 http fetch GET 200 https://registry.npmjs.org/math-intrinsics 61ms (cache miss)
518 silly packumentCache full:https://registry.npmjs.org/math-intrinsics set size:undefined disposed:false
519 http fetch GET 200 https://registry.npmjs.org/call-bind-apply-helpers 70ms (cache miss)
520 silly packumentCache full:https://registry.npmjs.org/call-bind-apply-helpers set size:undefined disposed:false
521 http fetch GET 200 https://registry.npmjs.org/es-define-property 97ms (cache miss)
522 silly packumentCache full:https://registry.npmjs.org/es-define-property set size:undefined disposed:false
523 http fetch GET 200 https://registry.npmjs.org/function-bind 593ms (cache miss)
524 silly packumentCache full:https://registry.npmjs.org/function-bind set size:undefined disposed:false
525 silly placeDep ROOT call-bind-apply-helpers@1.0.2 OK for: call-bound@1.0.4 want: ^1.0.2
526 silly placeDep ROOT function-bind@1.1.2 OK for: call-bind-apply-helpers@1.0.2 want: ^1.1.2
527 silly placeDep ROOT es-define-property@1.0.1 OK for: get-intrinsic@1.3.0 want: ^1.0.1
528 silly placeDep ROOT es-object-atoms@1.1.2 OK for: get-intrinsic@1.3.0 want: ^1.1.1
529 silly placeDep ROOT get-proto@1.0.1 OK for: get-intrinsic@1.3.0 want: ^1.0.1
530 silly placeDep ROOT gopd@1.2.0 OK for: get-intrinsic@1.3.0 want: ^1.2.0
531 silly placeDep ROOT has-symbols@1.1.0 OK for: get-intrinsic@1.3.0 want: ^1.1.0
532 silly placeDep ROOT hasown@2.0.4 OK for: get-intrinsic@1.3.0 want: ^2.0.2
533 silly placeDep ROOT math-intrinsics@1.1.0 OK for: get-intrinsic@1.3.0 want: ^1.1.0
534 silly fetch manifest dunder-proto@^1.0.1
535 silly packumentCache full:https://registry.npmjs.org/dunder-proto cache-miss
536 http fetch GET 200 https://registry.npmjs.org/dunder-proto 98ms (cache miss)
537 silly packumentCache full:https://registry.npmjs.org/dunder-proto set size:undefined disposed:false
538 silly placeDep ROOT dunder-proto@1.0.1 OK for: get-proto@1.0.1 want: ^1.0.1
539 silly placeDep node_modules/type-is content-type@2.0.0 OK for: type-is@2.1.0 want: ^2.0.0
540 silly placeDep ROOT media-typer@1.1.0 OK for: type-is@2.1.0 want: ^1.1.0
541 silly reify moves {}
542 http cache media-typer@https://registry.npmjs.org/media-typer/-/media-typer-1.1.0.tgz 0ms (cache hit)
543 http cache math-intrinsics@https://registry.npmjs.org/math-intrinsics/-/math-intrinsics-1.1.0.tgz 0ms (cache hit)
544 http cache dunder-proto@https://registry.npmjs.org/dunder-proto/-/dunder-proto-1.0.1.tgz 0ms (cache hit)
545 http cache hasown@https://registry.npmjs.org/hasown/-/hasown-2.0.4.tgz 0ms (cache hit)
546 http cache has-symbols@https://registry.npmjs.org/has-symbols/-/has-symbols-1.1.0.tgz 0ms (cache hit)
547 http cache get-proto@https://registry.npmjs.org/get-proto/-/get-proto-1.0.1.tgz 0ms (cache hit)
548 http cache es-object-atoms@https://registry.npmjs.org/es-object-atoms/-/es-object-atoms-1.1.2.tgz 0ms (cache hit)
549 http cache gopd@https://registry.npmjs.org/gopd/-/gopd-1.2.0.tgz 0ms (cache hit)
550 http cache es-define-property@https://registry.npmjs.org/es-define-property/-/es-define-property-1.0.1.tgz 0ms (cache hit)
551 http cache call-bind-apply-helpers@https://registry.npmjs.org/call-bind-apply-helpers/-/call-bind-apply-helpers-1.0.2.tgz 0ms (cache hit)
552 http cache function-bind@https://registry.npmjs.org/function-bind/-/function-bind-1.1.2.tgz 0ms (cache hit)
553 http cache call-bound@https://registry.npmjs.org/call-bound/-/call-bound-1.0.4.tgz 0ms (cache hit)
554 http cache get-intrinsic@https://registry.npmjs.org/get-intrinsic/-/get-intrinsic-1.3.0.tgz 0ms (cache hit)
555 http cache side-channel-list@https://registry.npmjs.org/side-channel-list/-/side-channel-list-1.0.1.tgz 0ms (cache hit)
556 http cache side-channel-weakmap@https://registry.npmjs.org/side-channel-weakmap/-/side-channel-weakmap-1.0.2.tgz 0ms (cache hit)
557 http cache side-channel-map@https://registry.npmjs.org/side-channel-map/-/side-channel-map-1.0.1.tgz 0ms (cache hit)
558 http cache path-to-regexp@https://registry.npmjs.org/path-to-regexp/-/path-to-regexp-8.4.2.tgz 0ms (cache hit)
559 http cache es-errors@https://registry.npmjs.org/es-errors/-/es-errors-1.3.0.tgz 0ms (cache hit)
560 http cache object-inspect@https://registry.npmjs.org/object-inspect/-/object-inspect-1.13.4.tgz 0ms (cache hit)
561 http cache is-promise@https://registry.npmjs.org/is-promise/-/is-promise-4.0.0.tgz 0ms (cache hit)
562 http cache unpipe@https://registry.npmjs.org/unpipe/-/unpipe-1.0.0.tgz 0ms (cache hit)
563 http cache side-channel@https://registry.npmjs.org/side-channel/-/side-channel-1.1.1.tgz 0ms (cache hit)
564 http cache forwarded@https://registry.npmjs.org/forwarded/-/forwarded-0.2.0.tgz 0ms (cache hit)
565 http cache ipaddr.js@https://registry.npmjs.org/ipaddr.js/-/ipaddr.js-1.9.1.tgz 0ms (cache hit)
566 http cache wrappy@https://registry.npmjs.org/wrappy/-/wrappy-1.0.2.tgz 0ms (cache hit)
567 http cache ee-first@https://registry.npmjs.org/ee-first/-/ee-first-1.1.1.tgz 0ms (cache hit)
568 http cache is-property@https://registry.npmjs.org/is-property/-/is-property-1.0.2.tgz 0ms (cache hit)
569 http cache long@https://registry.npmjs.org/long/-/long-5.3.2.tgz 0ms (cache hit)
570 http cache named-placeholders@https://registry.npmjs.org/named-placeholders/-/named-placeholders-1.1.6.tgz 0ms (cache hit)
571 http cache lru.min@https://registry.npmjs.org/lru.min/-/lru.min-1.1.4.tgz 0ms (cache hit)
572 http cache sql-escaper@https://registry.npmjs.org/sql-escaper/-/sql-escaper-1.3.3.tgz 0ms (cache hit)
573 http cache generate-function@https://registry.npmjs.org/generate-function/-/generate-function-2.3.1.tgz 0ms (cache hit)
574 http cache denque@https://registry.npmjs.org/denque/-/denque-2.1.0.tgz 0ms (cache hit)
575 http cache mime-db@https://registry.npmjs.org/mime-db/-/mime-db-1.54.0.tgz 0ms (cache hit)
576 http cache ecdsa-sig-formatter@https://registry.npmjs.org/ecdsa-sig-formatter/-/ecdsa-sig-formatter-1.0.11.tgz 0ms (cache hit)
577 http cache buffer-equal-constant-time@https://registry.npmjs.org/buffer-equal-constant-time/-/buffer-equal-constant-time-1.0.1.tgz 0ms (cache hit)
578 http cache aws-ssl-profiles@https://registry.npmjs.org/aws-ssl-profiles/-/aws-ssl-profiles-1.1.2.tgz 0ms (cache hit)
579 http cache safe-buffer@https://registry.npmjs.org/safe-buffer/-/safe-buffer-5.2.1.tgz 0ms (cache hit)
580 http cache semver@https://registry.npmjs.org/semver/-/semver-7.8.4.tgz 0ms (cache hit)
581 http cache lodash.isstring@https://registry.npmjs.org/lodash.isstring/-/lodash.isstring-4.0.1.tgz 0ms (cache hit)
582 http cache jwa@https://registry.npmjs.org/jwa/-/jwa-2.0.1.tgz 0ms (cache hit)
583 http cache lodash.isnumber@https://registry.npmjs.org/lodash.isnumber/-/lodash.isnumber-3.0.3.tgz 0ms (cache hit)
584 http cache lodash.once@https://registry.npmjs.org/lodash.once/-/lodash.once-4.1.1.tgz 0ms (cache hit)
585 http cache lodash.isplainobject@https://registry.npmjs.org/lodash.isplainobject/-/lodash.isplainobject-4.0.6.tgz 0ms (cache hit)
586 http cache lodash.isinteger@https://registry.npmjs.org/lodash.isinteger/-/lodash.isinteger-4.0.4.tgz 0ms (cache hit)
587 http cache lodash.isboolean@https://registry.npmjs.org/lodash.isboolean/-/lodash.isboolean-3.0.3.tgz 0ms (cache hit)
588 http cache jws@https://registry.npmjs.org/jws/-/jws-4.0.1.tgz 0ms (cache hit)
589 http cache safer-buffer@https://registry.npmjs.org/safer-buffer/-/safer-buffer-2.1.2.tgz 0ms (cache hit)
590 http cache lodash.includes@https://registry.npmjs.org/lodash.includes/-/lodash.includes-4.3.0.tgz 0ms (cache hit)
591 http cache toidentifier@https://registry.npmjs.org/toidentifier/-/toidentifier-1.0.1.tgz 0ms (cache hit)
592 http cache inherits@https://registry.npmjs.org/inherits/-/inherits-2.0.4.tgz 0ms (cache hit)
593 http cache ms@https://registry.npmjs.org/ms/-/ms-2.1.3.tgz 0ms (cache hit)
594 http cache raw-body@https://registry.npmjs.org/raw-body/-/raw-body-3.0.2.tgz 0ms (cache hit)
595 http cache iconv-lite@https://registry.npmjs.org/iconv-lite/-/iconv-lite-0.7.2.tgz 0ms (cache hit)
596 http cache setprototypeof@https://registry.npmjs.org/setprototypeof/-/setprototypeof-1.2.0.tgz 0ms (cache hit)
597 http cache negotiator@https://registry.npmjs.org/negotiator/-/negotiator-1.0.0.tgz 0ms (cache hit)
598 http cache bytes@https://registry.npmjs.org/bytes/-/bytes-3.1.2.tgz 0ms (cache hit)
599 http cache type-is@https://registry.npmjs.org/type-is/-/type-is-2.1.0.tgz 0ms (cache hit)
600 http cache statuses@https://registry.npmjs.org/statuses/-/statuses-2.0.2.tgz 0ms (cache hit)
601 http cache send@https://registry.npmjs.org/send/-/send-1.2.1.tgz 0ms (cache hit)
602 http cache router@https://registry.npmjs.org/router/-/router-2.2.0.tgz 0ms (cache hit)
603 http cache serve-static@https://registry.npmjs.org/serve-static/-/serve-static-2.2.1.tgz 0ms (cache hit)
604 http cache range-parser@https://registry.npmjs.org/range-parser/-/range-parser-1.2.1.tgz 0ms (cache hit)
605 http cache proxy-addr@https://registry.npmjs.org/proxy-addr/-/proxy-addr-2.0.7.tgz 0ms (cache hit)
606 http cache qs@https://registry.npmjs.org/qs/-/qs-6.15.2.tgz 0ms (cache hit)
607 http cache on-finished@https://registry.npmjs.org/on-finished/-/on-finished-2.4.1.tgz 0ms (cache hit)
608 http cache once@https://registry.npmjs.org/once/-/once-1.4.0.tgz 0ms (cache hit)
609 http cache parseurl@https://registry.npmjs.org/parseurl/-/parseurl-1.3.3.tgz 0ms (cache hit)
610 http cache mime-types@https://registry.npmjs.org/mime-types/-/mime-types-3.0.2.tgz 0ms (cache hit)
611 http cache http-errors@https://registry.npmjs.org/http-errors/-/http-errors-2.0.1.tgz 0ms (cache hit)
612 http cache merge-descriptors@https://registry.npmjs.org/merge-descriptors/-/merge-descriptors-2.0.0.tgz 0ms (cache hit)
613 http cache finalhandler@https://registry.npmjs.org/finalhandler/-/finalhandler-2.1.1.tgz 0ms (cache hit)
614 http cache fresh@https://registry.npmjs.org/fresh/-/fresh-2.0.0.tgz 0ms (cache hit)
615 http cache etag@https://registry.npmjs.org/etag/-/etag-1.8.1.tgz 0ms (cache hit)
616 http cache escape-html@https://registry.npmjs.org/escape-html/-/escape-html-1.0.3.tgz 0ms (cache hit)
617 http cache encodeurl@https://registry.npmjs.org/encodeurl/-/encodeurl-2.0.0.tgz 0ms (cache hit)
618 http cache debug@https://registry.npmjs.org/debug/-/debug-4.4.3.tgz 0ms (cache hit)
619 http cache cookie-signature@https://registry.npmjs.org/cookie-signature/-/cookie-signature-1.2.2.tgz 0ms (cache hit)
620 http cache depd@https://registry.npmjs.org/depd/-/depd-2.0.0.tgz 0ms (cache hit)
621 http cache content-type@https://registry.npmjs.org/content-type/-/content-type-1.0.5.tgz 0ms (cache hit)
622 http cache cookie@https://registry.npmjs.org/cookie/-/cookie-0.7.2.tgz 0ms (cache hit)
623 http cache content-disposition@https://registry.npmjs.org/content-disposition/-/content-disposition-1.1.0.tgz 0ms (cache hit)
624 http cache accepts@https://registry.npmjs.org/accepts/-/accepts-2.0.0.tgz 0ms (cache hit)
625 http cache vary@https://registry.npmjs.org/vary/-/vary-1.1.2.tgz 0ms (cache hit)
626 http cache body-parser@https://registry.npmjs.org/body-parser/-/body-parser-2.2.2.tgz 0ms (cache hit)
627 http cache object-assign@https://registry.npmjs.org/object-assign/-/object-assign-4.1.1.tgz 0ms (cache hit)
628 http cache @types/node@https://registry.npmjs.org/@types/node/-/node-25.9.3.tgz 0ms (cache hit)
629 http cache node-gyp-build@https://registry.npmjs.org/node-gyp-build/-/node-gyp-build-4.8.4.tgz 0ms (cache hit)
630 http cache undici-types@https://registry.npmjs.org/undici-types/-/undici-types-7.24.6.tgz 0ms (cache hit)
631 http cache mysql2@https://registry.npmjs.org/mysql2/-/mysql2-3.22.5.tgz 0ms (cache hit)
632 http cache jsonwebtoken@https://registry.npmjs.org/jsonwebtoken/-/jsonwebtoken-9.0.3.tgz 0ms (cache hit)
633 http cache node-addon-api@https://registry.npmjs.org/node-addon-api/-/node-addon-api-8.8.0.tgz 0ms (cache hit)
634 http cache express@https://registry.npmjs.org/express/-/express-5.2.1.tgz 0ms (cache hit)
635 http cache dotenv@https://registry.npmjs.org/dotenv/-/dotenv-17.4.2.tgz 0ms (cache hit)
636 http cache cors@https://registry.npmjs.org/cors/-/cors-2.8.6.tgz 0ms (cache hit)
637 silly tarball no local data for media-typer@https://registry.npmjs.org/media-typer/-/media-typer-1.1.0.tgz. Extracting by manifest.
638 silly tarball no local data for math-intrinsics@https://registry.npmjs.org/math-intrinsics/-/math-intrinsics-1.1.0.tgz. Extracting by manifest.
639 http cache bcrypt@https://registry.npmjs.org/bcrypt/-/bcrypt-6.0.0.tgz 0ms (cache hit)
640 silly tarball no local data for dunder-proto@https://registry.npmjs.org/dunder-proto/-/dunder-proto-1.0.1.tgz. Extracting by manifest.
641 http cache content-type@https://registry.npmjs.org/content-type/-/content-type-2.0.0.tgz 0ms (cache hit)
642 silly tarball no local data for hasown@https://registry.npmjs.org/hasown/-/hasown-2.0.4.tgz. Extracting by manifest.
643 silly tarball no local data for has-symbols@https://registry.npmjs.org/has-symbols/-/has-symbols-1.1.0.tgz. Extracting by manifest.
644 silly tarball no local data for get-proto@https://registry.npmjs.org/get-proto/-/get-proto-1.0.1.tgz. Extracting by manifest.
645 silly tarball no local data for es-object-atoms@https://registry.npmjs.org/es-object-atoms/-/es-object-atoms-1.1.2.tgz. Extracting by manifest.
646 silly tarball no local data for gopd@https://registry.npmjs.org/gopd/-/gopd-1.2.0.tgz. Extracting by manifest.
647 silly tarball no local data for es-define-property@https://registry.npmjs.org/es-define-property/-/es-define-property-1.0.1.tgz. Extracting by manifest.
648 silly tarball no local data for call-bind-apply-helpers@https://registry.npmjs.org/call-bind-apply-helpers/-/call-bind-apply-helpers-1.0.2.tgz. Extracting by manifest.
649 silly tarball no local data for function-bind@https://registry.npmjs.org/function-bind/-/function-bind-1.1.2.tgz. Extracting by manifest.
650 silly tarball no local data for call-bound@https://registry.npmjs.org/call-bound/-/call-bound-1.0.4.tgz. Extracting by manifest.
651 silly tarball no local data for get-intrinsic@https://registry.npmjs.org/get-intrinsic/-/get-intrinsic-1.3.0.tgz. Extracting by manifest.
652 silly tarball no local data for side-channel-list@https://registry.npmjs.org/side-channel-list/-/side-channel-list-1.0.1.tgz. Extracting by manifest.
653 silly tarball no local data for side-channel-weakmap@https://registry.npmjs.org/side-channel-weakmap/-/side-channel-weakmap-1.0.2.tgz. Extracting by manifest.
654 silly tarball no local data for side-channel-map@https://registry.npmjs.org/side-channel-map/-/side-channel-map-1.0.1.tgz. Extracting by manifest.
655 silly tarball no local data for path-to-regexp@https://registry.npmjs.org/path-to-regexp/-/path-to-regexp-8.4.2.tgz. Extracting by manifest.
656 silly tarball no local data for es-errors@https://registry.npmjs.org/es-errors/-/es-errors-1.3.0.tgz. Extracting by manifest.
657 silly tarball no local data for object-inspect@https://registry.npmjs.org/object-inspect/-/object-inspect-1.13.4.tgz. Extracting by manifest.
658 silly tarball no local data for is-promise@https://registry.npmjs.org/is-promise/-/is-promise-4.0.0.tgz. Extracting by manifest.
659 silly tarball no local data for unpipe@https://registry.npmjs.org/unpipe/-/unpipe-1.0.0.tgz. Extracting by manifest.
660 silly tarball no local data for side-channel@https://registry.npmjs.org/side-channel/-/side-channel-1.1.1.tgz. Extracting by manifest.
661 silly tarball no local data for forwarded@https://registry.npmjs.org/forwarded/-/forwarded-0.2.0.tgz. Extracting by manifest.
662 silly tarball no local data for ipaddr.js@https://registry.npmjs.org/ipaddr.js/-/ipaddr.js-1.9.1.tgz. Extracting by manifest.
663 silly tarball no local data for wrappy@https://registry.npmjs.org/wrappy/-/wrappy-1.0.2.tgz. Extracting by manifest.
664 silly tarball no local data for ee-first@https://registry.npmjs.org/ee-first/-/ee-first-1.1.1.tgz. Extracting by manifest.
665 silly tarball no local data for is-property@https://registry.npmjs.org/is-property/-/is-property-1.0.2.tgz. Extracting by manifest.
666 silly tarball no local data for long@https://registry.npmjs.org/long/-/long-5.3.2.tgz. Extracting by manifest.
667 silly tarball no local data for named-placeholders@https://registry.npmjs.org/named-placeholders/-/named-placeholders-1.1.6.tgz. Extracting by manifest.
668 silly tarball no local data for lru.min@https://registry.npmjs.org/lru.min/-/lru.min-1.1.4.tgz. Extracting by manifest.
669 silly tarball no local data for sql-escaper@https://registry.npmjs.org/sql-escaper/-/sql-escaper-1.3.3.tgz. Extracting by manifest.
670 silly tarball no local data for generate-function@https://registry.npmjs.org/generate-function/-/generate-function-2.3.1.tgz. Extracting by manifest.
671 silly tarball no local data for denque@https://registry.npmjs.org/denque/-/denque-2.1.0.tgz. Extracting by manifest.
672 silly tarball no local data for mime-db@https://registry.npmjs.org/mime-db/-/mime-db-1.54.0.tgz. Extracting by manifest.
673 silly tarball no local data for ecdsa-sig-formatter@https://registry.npmjs.org/ecdsa-sig-formatter/-/ecdsa-sig-formatter-1.0.11.tgz. Extracting by manifest.
674 silly tarball no local data for buffer-equal-constant-time@https://registry.npmjs.org/buffer-equal-constant-time/-/buffer-equal-constant-time-1.0.1.tgz. Extracting by manifest.
675 silly tarball no local data for aws-ssl-profiles@https://registry.npmjs.org/aws-ssl-profiles/-/aws-ssl-profiles-1.1.2.tgz. Extracting by manifest.
676 silly tarball no local data for safe-buffer@https://registry.npmjs.org/safe-buffer/-/safe-buffer-5.2.1.tgz. Extracting by manifest.
677 silly tarball no local data for semver@https://registry.npmjs.org/semver/-/semver-7.8.4.tgz. Extracting by manifest.
678 silly tarball no local data for lodash.isstring@https://registry.npmjs.org/lodash.isstring/-/lodash.isstring-4.0.1.tgz. Extracting by manifest.
679 silly tarball no local data for jwa@https://registry.npmjs.org/jwa/-/jwa-2.0.1.tgz. Extracting by manifest.
680 silly tarball no local data for lodash.isnumber@https://registry.npmjs.org/lodash.isnumber/-/lodash.isnumber-3.0.3.tgz. Extracting by manifest.
681 silly tarball no local data for lodash.once@https://registry.npmjs.org/lodash.once/-/lodash.once-4.1.1.tgz. Extracting by manifest.
682 silly tarball no local data for lodash.isplainobject@https://registry.npmjs.org/lodash.isplainobject/-/lodash.isplainobject-4.0.6.tgz. Extracting by manifest.
683 silly tarball no local data for lodash.isinteger@https://registry.npmjs.org/lodash.isinteger/-/lodash.isinteger-4.0.4.tgz. Extracting by manifest.
684 silly tarball no local data for lodash.isboolean@https://registry.npmjs.org/lodash.isboolean/-/lodash.isboolean-3.0.3.tgz. Extracting by manifest.
685 silly tarball no local data for jws@https://registry.npmjs.org/jws/-/jws-4.0.1.tgz. Extracting by manifest.
686 silly tarball no local data for safer-buffer@https://registry.npmjs.org/safer-buffer/-/safer-buffer-2.1.2.tgz. Extracting by manifest.
687 silly tarball no local data for lodash.includes@https://registry.npmjs.org/lodash.includes/-/lodash.includes-4.3.0.tgz. Extracting by manifest.
688 silly tarball no local data for toidentifier@https://registry.npmjs.org/toidentifier/-/toidentifier-1.0.1.tgz. Extracting by manifest.
689 silly tarball no local data for inherits@https://registry.npmjs.org/inherits/-/inherits-2.0.4.tgz. Extracting by manifest.
690 silly tarball no local data for ms@https://registry.npmjs.org/ms/-/ms-2.1.3.tgz. Extracting by manifest.
691 silly tarball no local data for raw-body@https://registry.npmjs.org/raw-body/-/raw-body-3.0.2.tgz. Extracting by manifest.
692 silly tarball no local data for iconv-lite@https://registry.npmjs.org/iconv-lite/-/iconv-lite-0.7.2.tgz. Extracting by manifest.
693 silly tarball no local data for setprototypeof@https://registry.npmjs.org/setprototypeof/-/setprototypeof-1.2.0.tgz. Extracting by manifest.
694 silly tarball no local data for negotiator@https://registry.npmjs.org/negotiator/-/negotiator-1.0.0.tgz. Extracting by manifest.
695 silly tarball no local data for bytes@https://registry.npmjs.org/bytes/-/bytes-3.1.2.tgz. Extracting by manifest.
696 silly tarball no local data for type-is@https://registry.npmjs.org/type-is/-/type-is-2.1.0.tgz. Extracting by manifest.
697 silly tarball no local data for statuses@https://registry.npmjs.org/statuses/-/statuses-2.0.2.tgz. Extracting by manifest.
698 silly tarball no local data for send@https://registry.npmjs.org/send/-/send-1.2.1.tgz. Extracting by manifest.
699 silly tarball no local data for router@https://registry.npmjs.org/router/-/router-2.2.0.tgz. Extracting by manifest.
700 silly tarball no local data for serve-static@https://registry.npmjs.org/serve-static/-/serve-static-2.2.1.tgz. Extracting by manifest.
701 silly tarball no local data for range-parser@https://registry.npmjs.org/range-parser/-/range-parser-1.2.1.tgz. Extracting by manifest.
702 silly tarball no local data for proxy-addr@https://registry.npmjs.org/proxy-addr/-/proxy-addr-2.0.7.tgz. Extracting by manifest.
703 silly tarball no local data for qs@https://registry.npmjs.org/qs/-/qs-6.15.2.tgz. Extracting by manifest.
704 silly tarball no local data for on-finished@https://registry.npmjs.org/on-finished/-/on-finished-2.4.1.tgz. Extracting by manifest.
705 silly tarball no local data for once@https://registry.npmjs.org/once/-/once-1.4.0.tgz. Extracting by manifest.
706 silly tarball no local data for parseurl@https://registry.npmjs.org/parseurl/-/parseurl-1.3.3.tgz. Extracting by manifest.
707 silly tarball no local data for mime-types@https://registry.npmjs.org/mime-types/-/mime-types-3.0.2.tgz. Extracting by manifest.
708 silly tarball no local data for http-errors@https://registry.npmjs.org/http-errors/-/http-errors-2.0.1.tgz. Extracting by manifest.
709 silly tarball no local data for merge-descriptors@https://registry.npmjs.org/merge-descriptors/-/merge-descriptors-2.0.0.tgz. Extracting by manifest.
710 silly tarball no local data for finalhandler@https://registry.npmjs.org/finalhandler/-/finalhandler-2.1.1.tgz. Extracting by manifest.
711 silly tarball no local data for fresh@https://registry.npmjs.org/fresh/-/fresh-2.0.0.tgz. Extracting by manifest.
712 silly tarball no local data for etag@https://registry.npmjs.org/etag/-/etag-1.8.1.tgz. Extracting by manifest.
713 silly tarball no local data for escape-html@https://registry.npmjs.org/escape-html/-/escape-html-1.0.3.tgz. Extracting by manifest.
714 silly tarball no local data for encodeurl@https://registry.npmjs.org/encodeurl/-/encodeurl-2.0.0.tgz. Extracting by manifest.
715 silly tarball no local data for debug@https://registry.npmjs.org/debug/-/debug-4.4.3.tgz. Extracting by manifest.
716 silly tarball no local data for cookie-signature@https://registry.npmjs.org/cookie-signature/-/cookie-signature-1.2.2.tgz. Extracting by manifest.
717 silly tarball no local data for depd@https://registry.npmjs.org/depd/-/depd-2.0.0.tgz. Extracting by manifest.
718 silly tarball no local data for content-type@https://registry.npmjs.org/content-type/-/content-type-1.0.5.tgz. Extracting by manifest.
719 silly tarball no local data for cookie@https://registry.npmjs.org/cookie/-/cookie-0.7.2.tgz. Extracting by manifest.
720 silly tarball no local data for content-disposition@https://registry.npmjs.org/content-disposition/-/content-disposition-1.1.0.tgz. Extracting by manifest.
721 silly tarball no local data for accepts@https://registry.npmjs.org/accepts/-/accepts-2.0.0.tgz. Extracting by manifest.
722 silly tarball no local data for vary@https://registry.npmjs.org/vary/-/vary-1.1.2.tgz. Extracting by manifest.
723 silly tarball no local data for body-parser@https://registry.npmjs.org/body-parser/-/body-parser-2.2.2.tgz. Extracting by manifest.
724 silly tarball no local data for object-assign@https://registry.npmjs.org/object-assign/-/object-assign-4.1.1.tgz. Extracting by manifest.
725 silly tarball no local data for @types/node@https://registry.npmjs.org/@types/node/-/node-25.9.3.tgz. Extracting by manifest.
726 silly tarball no local data for node-gyp-build@https://registry.npmjs.org/node-gyp-build/-/node-gyp-build-4.8.4.tgz. Extracting by manifest.
727 silly tarball no local data for undici-types@https://registry.npmjs.org/undici-types/-/undici-types-7.24.6.tgz. Extracting by manifest.
728 silly tarball no local data for mysql2@https://registry.npmjs.org/mysql2/-/mysql2-3.22.5.tgz. Extracting by manifest.
729 silly tarball no local data for jsonwebtoken@https://registry.npmjs.org/jsonwebtoken/-/jsonwebtoken-9.0.3.tgz. Extracting by manifest.
730 silly tarball no local data for node-addon-api@https://registry.npmjs.org/node-addon-api/-/node-addon-api-8.8.0.tgz. Extracting by manifest.
731 silly tarball no local data for express@https://registry.npmjs.org/express/-/express-5.2.1.tgz. Extracting by manifest.
732 silly tarball no local data for dotenv@https://registry.npmjs.org/dotenv/-/dotenv-17.4.2.tgz. Extracting by manifest.
733 silly tarball no local data for cors@https://registry.npmjs.org/cors/-/cors-2.8.6.tgz. Extracting by manifest.
734 silly tarball no local data for bcrypt@https://registry.npmjs.org/bcrypt/-/bcrypt-6.0.0.tgz. Extracting by manifest.
735 silly tarball no local data for content-type@https://registry.npmjs.org/content-type/-/content-type-2.0.0.tgz. Extracting by manifest.
736 http fetch GET 200 https://registry.npmjs.org/dunder-proto/-/dunder-proto-1.0.1.tgz 110ms (cache miss)
737 http fetch GET 200 https://registry.npmjs.org/hasown/-/hasown-2.0.4.tgz 128ms (cache miss)
738 http fetch GET 200 https://registry.npmjs.org/media-typer/-/media-typer-1.1.0.tgz 131ms (cache miss)
739 http fetch GET 200 https://registry.npmjs.org/has-symbols/-/has-symbols-1.1.0.tgz 166ms (cache miss)
740 http fetch GET 200 https://registry.npmjs.org/math-intrinsics/-/math-intrinsics-1.1.0.tgz 169ms (cache miss)
741 http fetch GET 200 https://registry.npmjs.org/es-object-atoms/-/es-object-atoms-1.1.2.tgz 179ms (cache miss)
742 http fetch GET 200 https://registry.npmjs.org/side-channel-map/-/side-channel-map-1.0.1.tgz 187ms (cache miss)
743 http fetch GET 200 https://registry.npmjs.org/path-to-regexp/-/path-to-regexp-8.4.2.tgz 205ms (cache miss)
744 http fetch GET 200 https://registry.npmjs.org/es-errors/-/es-errors-1.3.0.tgz 205ms (cache miss)
745 http fetch GET 200 https://registry.npmjs.org/get-proto/-/get-proto-1.0.1.tgz 214ms (cache miss)
746 http fetch GET 200 https://registry.npmjs.org/unpipe/-/unpipe-1.0.0.tgz 227ms (cache miss)
747 http fetch GET 200 https://registry.npmjs.org/gopd/-/gopd-1.2.0.tgz 236ms (cache miss)
748 http fetch GET 200 https://registry.npmjs.org/es-define-property/-/es-define-property-1.0.1.tgz 256ms (cache miss)
749 http fetch GET 200 https://registry.npmjs.org/side-channel-list/-/side-channel-list-1.0.1.tgz 279ms (cache miss)
750 http fetch GET 200 https://registry.npmjs.org/function-bind/-/function-bind-1.1.2.tgz 282ms (cache miss)
751 http fetch GET 200 https://registry.npmjs.org/side-channel/-/side-channel-1.1.1.tgz 293ms (cache miss)
752 http fetch GET 200 https://registry.npmjs.org/ipaddr.js/-/ipaddr.js-1.9.1.tgz 293ms (cache miss)
753 http fetch GET 200 https://registry.npmjs.org/wrappy/-/wrappy-1.0.2.tgz 294ms (cache miss)
754 http fetch GET 200 https://registry.npmjs.org/get-intrinsic/-/get-intrinsic-1.3.0.tgz 299ms (cache miss)
755 http fetch GET 200 https://registry.npmjs.org/is-promise/-/is-promise-4.0.0.tgz 315ms (cache miss)
756 http fetch GET 200 https://registry.npmjs.org/ee-first/-/ee-first-1.1.1.tgz 314ms (cache miss)
757 http fetch GET 200 https://registry.npmjs.org/side-channel-weakmap/-/side-channel-weakmap-1.0.2.tgz 319ms (cache miss)
758 http fetch GET 200 https://registry.npmjs.org/named-placeholders/-/named-placeholders-1.1.6.tgz 316ms (cache miss)
759 http fetch GET 200 https://registry.npmjs.org/call-bound/-/call-bound-1.0.4.tgz 324ms (cache miss)
760 http fetch GET 200 https://registry.npmjs.org/sql-escaper/-/sql-escaper-1.3.3.tgz 355ms (cache miss)
761 http fetch GET 200 https://registry.npmjs.org/is-property/-/is-property-1.0.2.tgz 359ms (cache miss)
762 http fetch GET 200 https://registry.npmjs.org/generate-function/-/generate-function-2.3.1.tgz 361ms (cache miss)
763 http fetch GET 200 https://registry.npmjs.org/denque/-/denque-2.1.0.tgz 365ms (cache miss)
764 http fetch GET 200 https://registry.npmjs.org/buffer-equal-constant-time/-/buffer-equal-constant-time-1.0.1.tgz 379ms (cache miss)
765 http fetch GET 200 https://registry.npmjs.org/lru.min/-/lru.min-1.1.4.tgz 384ms (cache miss)
766 http fetch GET 200 https://registry.npmjs.org/ecdsa-sig-formatter/-/ecdsa-sig-formatter-1.0.11.tgz 388ms (cache miss)
767 http fetch GET 200 https://registry.npmjs.org/mime-db/-/mime-db-1.54.0.tgz 395ms (cache miss)
768 http fetch GET 200 https://registry.npmjs.org/lodash.isstring/-/lodash.isstring-4.0.1.tgz 404ms (cache miss)
769 http fetch GET 200 https://registry.npmjs.org/long/-/long-5.3.2.tgz 414ms (cache miss)
770 http fetch GET 200 https://registry.npmjs.org/jwa/-/jwa-2.0.1.tgz 421ms (cache miss)
771 http fetch GET 200 https://registry.npmjs.org/lodash.isinteger/-/lodash.isinteger-4.0.4.tgz 431ms (cache miss)
772 http fetch GET 200 https://registry.npmjs.org/lodash.isboolean/-/lodash.isboolean-3.0.3.tgz 444ms (cache miss)
773 http fetch GET 200 https://registry.npmjs.org/call-bind-apply-helpers/-/call-bind-apply-helpers-1.0.2.tgz 457ms (cache miss)
774 http fetch GET 200 https://registry.npmjs.org/lodash.isplainobject/-/lodash.isplainobject-4.0.6.tgz 447ms (cache miss)
775 http fetch GET 200 https://registry.npmjs.org/lodash.once/-/lodash.once-4.1.1.tgz 451ms (cache miss)
776 http fetch GET 200 https://registry.npmjs.org/lodash.includes/-/lodash.includes-4.3.0.tgz 449ms (cache miss)
777 http fetch GET 200 https://registry.npmjs.org/lodash.isnumber/-/lodash.isnumber-3.0.3.tgz 451ms (cache miss)
778 http fetch GET 200 https://registry.npmjs.org/toidentifier/-/toidentifier-1.0.1.tgz 463ms (cache miss)
779 http fetch GET 200 https://registry.npmjs.org/safe-buffer/-/safe-buffer-5.2.1.tgz 474ms (cache miss)
780 http fetch GET 200 https://registry.npmjs.org/ms/-/ms-2.1.3.tgz 489ms (cache miss)
781 http fetch GET 200 https://registry.npmjs.org/inherits/-/inherits-2.0.4.tgz 493ms (cache miss)
782 http fetch GET 200 https://registry.npmjs.org/safer-buffer/-/safer-buffer-2.1.2.tgz 501ms (cache miss)
783 http fetch GET 200 https://registry.npmjs.org/jws/-/jws-4.0.1.tgz 506ms (cache miss)
784 http fetch GET 200 https://registry.npmjs.org/forwarded/-/forwarded-0.2.0.tgz 528ms (cache miss)
785 http fetch GET 200 https://registry.npmjs.org/raw-body/-/raw-body-3.0.2.tgz 535ms (cache miss)
786 http fetch GET 200 https://registry.npmjs.org/bytes/-/bytes-3.1.2.tgz 536ms (cache miss)
787 http fetch GET 200 https://registry.npmjs.org/setprototypeof/-/setprototypeof-1.2.0.tgz 543ms (cache miss)
788 http fetch GET 200 https://registry.npmjs.org/serve-static/-/serve-static-2.2.1.tgz 545ms (cache miss)
789 http fetch GET 200 https://registry.npmjs.org/statuses/-/statuses-2.0.2.tgz 561ms (cache miss)
790 http fetch GET 200 https://registry.npmjs.org/send/-/send-1.2.1.tgz 563ms (cache miss)
791 http fetch GET 200 https://registry.npmjs.org/proxy-addr/-/proxy-addr-2.0.7.tgz 559ms (cache miss)
792 http fetch GET 200 https://registry.npmjs.org/router/-/router-2.2.0.tgz 563ms (cache miss)
793 http fetch GET 200 https://registry.npmjs.org/aws-ssl-profiles/-/aws-ssl-profiles-1.1.2.tgz 574ms (cache miss)
794 http fetch GET 200 https://registry.npmjs.org/type-is/-/type-is-2.1.0.tgz 575ms (cache miss)
795 http fetch GET 200 https://registry.npmjs.org/on-finished/-/on-finished-2.4.1.tgz 573ms (cache miss)
796 http fetch GET 200 https://registry.npmjs.org/parseurl/-/parseurl-1.3.3.tgz 574ms (cache miss)
797 http fetch GET 200 https://registry.npmjs.org/fresh/-/fresh-2.0.0.tgz 586ms (cache miss)
798 http fetch GET 200 https://registry.npmjs.org/finalhandler/-/finalhandler-2.1.1.tgz 588ms (cache miss)
799 http fetch GET 200 https://registry.npmjs.org/merge-descriptors/-/merge-descriptors-2.0.0.tgz 589ms (cache miss)
800 http fetch GET 200 https://registry.npmjs.org/negotiator/-/negotiator-1.0.0.tgz 602ms (cache miss)
801 http fetch GET 200 https://registry.npmjs.org/escape-html/-/escape-html-1.0.3.tgz 594ms (cache miss)
802 http fetch GET 200 https://registry.npmjs.org/http-errors/-/http-errors-2.0.1.tgz 596ms (cache miss)
803 http fetch GET 200 https://registry.npmjs.org/mime-types/-/mime-types-3.0.2.tgz 597ms (cache miss)
804 http fetch GET 200 https://registry.npmjs.org/etag/-/etag-1.8.1.tgz 630ms (cache miss)
805 http fetch GET 200 https://registry.npmjs.org/cookie-signature/-/cookie-signature-1.2.2.tgz 633ms (cache miss)
806 http fetch GET 200 https://registry.npmjs.org/encodeurl/-/encodeurl-2.0.0.tgz 634ms (cache miss)
807 http fetch GET 200 https://registry.npmjs.org/content-type/-/content-type-1.0.5.tgz 643ms (cache miss)
808 http fetch GET 200 https://registry.npmjs.org/depd/-/depd-2.0.0.tgz 662ms (cache miss)
809 http fetch GET 200 https://registry.npmjs.org/cookie/-/cookie-0.7.2.tgz 675ms (cache miss)
810 http fetch GET 200 https://registry.npmjs.org/once/-/once-1.4.0.tgz 680ms (cache miss)
811 http fetch GET 200 https://registry.npmjs.org/accepts/-/accepts-2.0.0.tgz 677ms (cache miss)
812 http fetch GET 200 https://registry.npmjs.org/object-assign/-/object-assign-4.1.1.tgz 680ms (cache miss)
813 http fetch GET 200 https://registry.npmjs.org/vary/-/vary-1.1.2.tgz 682ms (cache miss)
814 http fetch GET 200 https://registry.npmjs.org/range-parser/-/range-parser-1.2.1.tgz 693ms (cache miss)
815 http fetch GET 200 https://registry.npmjs.org/content-disposition/-/content-disposition-1.1.0.tgz 691ms (cache miss)
816 http fetch GET 200 https://registry.npmjs.org/qs/-/qs-6.15.2.tgz 710ms (cache miss)
817 http fetch GET 200 https://registry.npmjs.org/debug/-/debug-4.4.3.tgz 732ms (cache miss)
818 http fetch GET 200 https://registry.npmjs.org/cors/-/cors-2.8.6.tgz 727ms (cache miss)
819 http fetch GET 200 https://registry.npmjs.org/content-type/-/content-type-2.0.0.tgz 726ms (cache miss)
820 http fetch GET 200 https://registry.npmjs.org/object-inspect/-/object-inspect-1.13.4.tgz 763ms (cache miss)
821 http fetch GET 200 https://registry.npmjs.org/node-gyp-build/-/node-gyp-build-4.8.4.tgz 742ms (cache miss)
822 http fetch GET 200 https://registry.npmjs.org/body-parser/-/body-parser-2.2.2.tgz 753ms (cache miss)
823 http fetch GET 200 https://registry.npmjs.org/semver/-/semver-7.8.4.tgz 774ms (cache miss)
824 http fetch GET 200 https://registry.npmjs.org/express/-/express-5.2.1.tgz 761ms (cache miss)
825 http fetch GET 200 https://registry.npmjs.org/iconv-lite/-/iconv-lite-0.7.2.tgz 778ms (cache miss)
826 http fetch GET 200 https://registry.npmjs.org/jsonwebtoken/-/jsonwebtoken-9.0.3.tgz 769ms (cache miss)
827 http fetch GET 200 https://registry.npmjs.org/node-addon-api/-/node-addon-api-8.8.0.tgz 773ms (cache miss)
828 http fetch GET 200 https://registry.npmjs.org/dotenv/-/dotenv-17.4.2.tgz 776ms (cache miss)
829 http fetch GET 200 https://registry.npmjs.org/undici-types/-/undici-types-7.24.6.tgz 805ms (cache miss)
830 http fetch GET 200 https://registry.npmjs.org/bcrypt/-/bcrypt-6.0.0.tgz 859ms (cache miss)
831 http fetch GET 200 https://registry.npmjs.org/mysql2/-/mysql2-3.22.5.tgz 1033ms (cache miss)
832 http fetch GET 200 https://registry.npmjs.org/@types/node/-/node-25.9.3.tgz 1197ms (cache miss)
833 info run bcrypt@6.0.0 install node_modules/bcrypt node-gyp-build
834 info run bcrypt@6.0.0 install { code: 0, signal: null }
835 silly ADD node_modules/media-typer
836 silly ADD node_modules/dunder-proto
837 silly ADD node_modules/math-intrinsics
838 silly ADD node_modules/hasown
839 silly ADD node_modules/has-symbols
840 silly ADD node_modules/gopd
841 silly ADD node_modules/get-proto
842 silly ADD node_modules/es-object-atoms
843 silly ADD node_modules/es-define-property
844 silly ADD node_modules/function-bind
845 silly ADD node_modules/call-bind-apply-helpers
846 silly ADD node_modules/get-intrinsic
847 silly ADD node_modules/call-bound
848 silly ADD node_modules/side-channel-weakmap
849 silly ADD node_modules/side-channel-map
850 silly ADD node_modules/side-channel-list
851 silly ADD node_modules/object-inspect
852 silly ADD node_modules/es-errors
853 silly ADD node_modules/path-to-regexp
854 silly ADD node_modules/is-promise
855 silly ADD node_modules/unpipe
856 silly ADD node_modules/side-channel
857 silly ADD node_modules/ipaddr.js
858 silly ADD node_modules/forwarded
859 silly ADD node_modules/wrappy
860 silly ADD node_modules/ee-first
861 silly ADD node_modules/is-property
862 silly ADD node_modules/sql-escaper
863 silly ADD node_modules/named-placeholders
864 silly ADD node_modules/lru.min
865 silly ADD node_modules/long
866 silly ADD node_modules/generate-function
867 silly ADD node_modules/denque
868 silly ADD node_modules/aws-ssl-profiles
869 silly ADD node_modules/mime-db
870 silly ADD node_modules/ecdsa-sig-formatter
871 silly ADD node_modules/buffer-equal-constant-time
872 silly ADD node_modules/safe-buffer
873 silly ADD node_modules/jwa
874 silly ADD node_modules/semver
875 silly ADD node_modules/lodash.once
876 silly ADD node_modules/lodash.isstring
877 silly ADD node_modules/lodash.isplainobject
878 silly ADD node_modules/lodash.isnumber
879 silly ADD node_modules/lodash.isinteger
880 silly ADD node_modules/lodash.isboolean
881 silly ADD node_modules/lodash.includes
882 silly ADD node_modules/jws
883 silly ADD node_modules/safer-buffer
884 silly ADD node_modules/toidentifier
885 silly ADD node_modules/setprototypeof
886 silly ADD node_modules/inherits
887 silly ADD node_modules/ms
888 silly ADD node_modules/raw-body
889 silly ADD node_modules/iconv-lite
890 silly ADD node_modules/bytes
891 silly ADD node_modules/negotiator
892 silly ADD node_modules/type-is
893 silly ADD node_modules/type-is/node_modules/content-type
894 silly ADD node_modules/statuses
895 silly ADD node_modules/serve-static
896 silly ADD node_modules/send
897 silly ADD node_modules/router
898 silly ADD node_modules/range-parser
899 silly ADD node_modules/qs
900 silly ADD node_modules/proxy-addr
901 silly ADD node_modules/parseurl
902 silly ADD node_modules/once
903 silly ADD node_modules/on-finished
904 silly ADD node_modules/mime-types
905 silly ADD node_modules/merge-descriptors
906 silly ADD node_modules/http-errors
907 silly ADD node_modules/fresh
908 silly ADD node_modules/finalhandler
909 silly ADD node_modules/etag
910 silly ADD node_modules/escape-html
911 silly ADD node_modules/encodeurl
912 silly ADD node_modules/depd
913 silly ADD node_modules/debug
914 silly ADD node_modules/cookie-signature
915 silly ADD node_modules/cookie
916 silly ADD node_modules/content-type
917 silly ADD node_modules/content-disposition
918 silly ADD node_modules/body-parser
919 silly ADD node_modules/accepts
920 silly ADD node_modules/vary
921 silly ADD node_modules/object-assign
922 silly ADD node_modules/node-gyp-build
923 silly ADD node_modules/node-addon-api
924 silly ADD node_modules/undici-types
925 silly ADD node_modules/@types/node
926 silly ADD node_modules/mysql2
927 silly ADD node_modules/jsonwebtoken
928 silly ADD node_modules/express
929 silly ADD node_modules/dotenv
930 silly ADD node_modules/cors
931 silly ADD node_modules/bcrypt
932 verbose cwd c:\smart-parcel-delivery
933 verbose os Windows_NT 10.0.26200
934 verbose node v24.16.0
935 verbose npm  v11.13.0
936 verbose exit 0
937 info ok
