0 verbose cli C:\Program Files\nodejs\node.exe C:\Program Files\nodejs\node_modules\npm\bin\npm-cli.js
1 info using npm@11.13.0
2 info using node@v24.16.0
3 silly config load:file:C:\Program Files\nodejs\node_modules\npm\npmrc
4 silly config load:file:C:\smart-parcel-delivery\.npmrc
5 silly config load:file:C:\Users\Admin-pc\.npmrc
6 silly config load:file:C:\smart-parcel-delivery\backend\etc\npmrc
7 verbose title npm install sqlite3
8 verbose argv "install" "sqlite3"
9 verbose logfile logs-max:10 dir:C:\smart-parcel-delivery\backend\.npm-cache\_logs\2026-06-15T04_35_58_053Z-
10 verbose logfile C:\smart-parcel-delivery\backend\.npm-cache\_logs\2026-06-15T04_35_58_053Z-debug-0.log
11 silly logfile done cleaning log files
12 silly packumentCache heap:2348810240 maxSize:587202560 maxEntrySize:293601280
13 verbose shrinkwrap failed to load node_modules/.package-lock.json out of date, updated: node_modules
14 silly idealTree buildDeps
15 silly fetch manifest sqlite3@*
16 silly packumentCache full:https://registry.npmjs.org/sqlite3 cache-miss
17 http fetch GET 200 https://registry.npmjs.org/sqlite3 282ms (cache miss)
18 silly packumentCache full:https://registry.npmjs.org/sqlite3 set size:undefined disposed:false
19 silly placeDep ROOT sqlite3@6.0.1 OK for:  want: *
20 silly fetch manifest bindings@^1.5.0
21 silly packumentCache full:https://registry.npmjs.org/bindings cache-miss
22 silly fetch manifest prebuild-install@^7.1.3
23 silly packumentCache full:https://registry.npmjs.org/prebuild-install cache-miss
24 silly fetch manifest tar@^7.5.10
25 silly packumentCache full:https://registry.npmjs.org/tar cache-miss
26 silly fetch manifest node-gyp@12.x
27 silly packumentCache full:https://registry.npmjs.org/node-gyp cache-miss
28 http fetch GET 200 https://registry.npmjs.org/bindings 61ms (cache miss)
29 silly packumentCache full:https://registry.npmjs.org/bindings set size:undefined disposed:false
30 http fetch GET 200 https://registry.npmjs.org/prebuild-install 221ms (cache miss)
31 silly packumentCache full:https://registry.npmjs.org/prebuild-install set size:undefined disposed:false
32 http fetch GET 200 https://registry.npmjs.org/tar 277ms (cache miss)
33 silly packumentCache full:https://registry.npmjs.org/tar set size:undefined disposed:false
34 http fetch GET 200 https://registry.npmjs.org/node-gyp 286ms (cache miss)
35 silly packumentCache full:https://registry.npmjs.org/node-gyp set size:undefined disposed:false
36 silly placeDep ROOT bindings@1.5.0 OK for: sqlite3@6.0.1 want: ^1.5.0
37 silly placeDep ROOT node-gyp@12.4.0 OK for: sqlite3@6.0.1 want: 12.x
38 silly placeDep ROOT prebuild-install@7.1.3 OK for: sqlite3@6.0.1 want: ^7.1.3
39 silly placeDep ROOT tar@7.5.16 OK for: sqlite3@6.0.1 want: ^7.5.10
40 silly fetch manifest file-uri-to-path@1.0.0
41 silly packumentCache full:https://registry.npmjs.org/file-uri-to-path cache-miss
42 silly fetch manifest tar@^7.5.4
43 silly packumentCache full:https://registry.npmjs.org/tar cache-miss
44 silly fetch manifest nopt@^9.0.0
45 silly packumentCache full:https://registry.npmjs.org/nopt cache-miss
46 silly fetch manifest which@^6.0.0
47 silly packumentCache full:https://registry.npmjs.org/which cache-miss
48 silly fetch manifest undici@^6.25.0
49 silly packumentCache full:https://registry.npmjs.org/undici cache-miss
50 silly fetch manifest proc-log@^6.0.0
51 silly packumentCache full:https://registry.npmjs.org/proc-log cache-miss
52 silly fetch manifest env-paths@^2.2.0
53 silly packumentCache full:https://registry.npmjs.org/env-paths cache-miss
54 http cache https://registry.npmjs.org/tar 14ms (cache hit)
55 silly packumentCache full:https://registry.npmjs.org/tar set size:551280 disposed:false
56 silly fetch manifest tinyglobby@^0.2.12
57 silly packumentCache full:https://registry.npmjs.org/tinyglobby cache-miss
58 http fetch GET 200 https://registry.npmjs.org/file-uri-to-path 75ms (cache miss)
59 silly packumentCache full:https://registry.npmjs.org/file-uri-to-path set size:undefined disposed:false
60 silly fetch manifest graceful-fs@^4.2.6
61 silly packumentCache full:https://registry.npmjs.org/graceful-fs cache-miss
62 http fetch GET 200 https://registry.npmjs.org/nopt 76ms (cache miss)
63 silly packumentCache full:https://registry.npmjs.org/nopt set size:undefined disposed:false
64 silly fetch manifest exponential-backoff@^3.1.1
65 silly packumentCache full:https://registry.npmjs.org/exponential-backoff cache-miss
66 http fetch GET 200 https://registry.npmjs.org/which 82ms (cache miss)
67 silly packumentCache full:https://registry.npmjs.org/which set size:undefined disposed:false
68 silly fetch manifest rc@^1.2.7
69 silly packumentCache full:https://registry.npmjs.org/rc cache-miss
70 http fetch GET 200 https://registry.npmjs.org/exponential-backoff 67ms (cache miss)
71 silly packumentCache full:https://registry.npmjs.org/exponential-backoff set size:undefined disposed:false
72 silly fetch manifest pump@^3.0.0
73 silly packumentCache full:https://registry.npmjs.org/pump cache-miss
74 http fetch GET 200 https://registry.npmjs.org/graceful-fs 78ms (cache miss)
75 silly packumentCache full:https://registry.npmjs.org/graceful-fs set size:undefined disposed:false
76 silly fetch manifest tar-fs@^2.0.0
77 silly packumentCache full:https://registry.npmjs.org/tar-fs cache-miss
78 http fetch GET 200 https://registry.npmjs.org/rc 74ms (cache miss)
79 silly packumentCache full:https://registry.npmjs.org/rc set size:undefined disposed:false
80 silly fetch manifest minimist@^1.2.3
81 silly packumentCache full:https://registry.npmjs.org/minimist cache-miss
82 http fetch GET 200 https://registry.npmjs.org/undici 190ms (cache miss)
83 silly packumentCache full:https://registry.npmjs.org/undici set size:undefined disposed:false
84 silly fetch manifest node-abi@^3.3.0
85 silly packumentCache full:https://registry.npmjs.org/node-abi cache-miss
86 http fetch GET 200 https://registry.npmjs.org/env-paths 207ms (cache miss)
87 silly packumentCache full:https://registry.npmjs.org/env-paths set size:undefined disposed:false
88 silly fetch manifest simple-get@^4.0.0
89 silly packumentCache full:https://registry.npmjs.org/simple-get cache-miss
90 http fetch GET 200 https://registry.npmjs.org/pump 66ms (cache miss)
91 silly packumentCache full:https://registry.npmjs.org/pump set size:undefined disposed:false
92 silly fetch manifest detect-libc@^2.0.0
93 silly packumentCache full:https://registry.npmjs.org/detect-libc cache-miss
94 http fetch GET 200 https://registry.npmjs.org/proc-log 221ms (cache miss)
95 silly packumentCache full:https://registry.npmjs.org/proc-log set size:undefined disposed:false
96 silly fetch manifest tunnel-agent@^0.6.0
97 silly packumentCache full:https://registry.npmjs.org/tunnel-agent cache-miss
98 http fetch GET 200 https://registry.npmjs.org/minimist 72ms (cache miss)
99 silly packumentCache full:https://registry.npmjs.org/minimist set size:undefined disposed:false
100 silly fetch manifest mkdirp-classic@^0.5.3
101 silly packumentCache full:https://registry.npmjs.org/mkdirp-classic cache-miss
102 http fetch GET 200 https://registry.npmjs.org/tinyglobby 224ms (cache revalidated)
103 silly packumentCache full:https://registry.npmjs.org/tinyglobby set size:54291 disposed:false
104 silly fetch manifest expand-template@^2.0.3
105 silly packumentCache full:https://registry.npmjs.org/expand-template cache-miss
106 http fetch GET 200 https://registry.npmjs.org/tar-fs 87ms (cache miss)
107 silly packumentCache full:https://registry.npmjs.org/tar-fs set size:undefined disposed:false
108 silly fetch manifest napi-build-utils@^2.0.0
109 silly packumentCache full:https://registry.npmjs.org/napi-build-utils cache-miss
110 http fetch GET 200 https://registry.npmjs.org/simple-get 64ms (cache miss)
111 silly packumentCache full:https://registry.npmjs.org/simple-get set size:undefined disposed:false
112 silly fetch manifest github-from-package@0.0.0
113 silly packumentCache full:https://registry.npmjs.org/github-from-package cache-miss
114 http fetch GET 200 https://registry.npmjs.org/detect-libc 61ms (cache revalidated)
115 silly packumentCache full:https://registry.npmjs.org/detect-libc set size:47861 disposed:false
116 silly fetch manifest @isaacs/fs-minipass@^4.0.0
117 silly packumentCache full:https://registry.npmjs.org/@isaacs%2ffs-minipass cache-miss
118 http fetch GET 200 https://registry.npmjs.org/tunnel-agent 71ms (cache miss)
119 silly packumentCache full:https://registry.npmjs.org/tunnel-agent set size:undefined disposed:false
120 silly fetch manifest chownr@^3.0.0
121 silly packumentCache full:https://registry.npmjs.org/chownr cache-miss
122 http fetch GET 200 https://registry.npmjs.org/expand-template 61ms (cache miss)
123 silly packumentCache full:https://registry.npmjs.org/expand-template set size:undefined disposed:false
124 silly fetch manifest minipass@^7.1.2
125 silly packumentCache full:https://registry.npmjs.org/minipass cache-miss
126 http fetch GET 200 https://registry.npmjs.org/napi-build-utils 64ms (cache miss)
127 silly packumentCache full:https://registry.npmjs.org/napi-build-utils set size:undefined disposed:false
128 silly fetch manifest minizlib@^3.1.0
129 silly packumentCache full:https://registry.npmjs.org/minizlib cache-miss
130 http fetch GET 200 https://registry.npmjs.org/github-from-package 64ms (cache miss)
131 silly packumentCache full:https://registry.npmjs.org/github-from-package set size:undefined disposed:false
132 silly fetch manifest yallist@^5.0.0
133 silly packumentCache full:https://registry.npmjs.org/yallist cache-miss
134 http fetch GET 200 https://registry.npmjs.org/@isaacs%2ffs-minipass 72ms (cache miss)
135 silly packumentCache full:https://registry.npmjs.org/@isaacs%2ffs-minipass set size:undefined disposed:false
136 http fetch GET 200 https://registry.npmjs.org/chownr 66ms (cache miss)
137 silly packumentCache full:https://registry.npmjs.org/chownr set size:undefined disposed:false
138 http fetch GET 200 https://registry.npmjs.org/minizlib 70ms (cache miss)
139 silly packumentCache full:https://registry.npmjs.org/minizlib set size:undefined disposed:false
140 http fetch GET 200 https://registry.npmjs.org/minipass 82ms (cache miss)
141 silly packumentCache full:https://registry.npmjs.org/minipass set size:undefined disposed:false
142 http fetch GET 200 https://registry.npmjs.org/yallist 69ms (cache miss)
143 silly packumentCache full:https://registry.npmjs.org/yallist set size:undefined disposed:false
144 http fetch GET 200 https://registry.npmjs.org/mkdirp-classic 280ms (cache miss)
145 silly packumentCache full:https://registry.npmjs.org/mkdirp-classic set size:undefined disposed:false
146 http fetch GET 200 https://registry.npmjs.org/node-abi 339ms (cache miss)
147 silly packumentCache full:https://registry.npmjs.org/node-abi set size:undefined disposed:false
148 silly placeDep ROOT file-uri-to-path@1.0.0 OK for: bindings@1.5.0 want: 1.0.0
149 silly placeDep ROOT env-paths@2.2.1 OK for: node-gyp@12.4.0 want: ^2.2.0
150 silly placeDep ROOT exponential-backoff@3.1.3 OK for: node-gyp@12.4.0 want: ^3.1.1
151 silly placeDep ROOT graceful-fs@4.2.11 OK for: node-gyp@12.4.0 want: ^4.2.6
152 silly placeDep ROOT nopt@9.0.0 OK for: node-gyp@12.4.0 want: ^9.0.0
153 silly placeDep ROOT proc-log@6.1.0 OK for: node-gyp@12.4.0 want: ^6.0.0
154 silly placeDep ROOT tinyglobby@0.2.17 OK for: node-gyp@12.4.0 want: ^0.2.12
155 silly placeDep ROOT undici@6.26.0 OK for: node-gyp@12.4.0 want: ^6.25.0
156 silly placeDep ROOT which@6.0.1 OK for: node-gyp@12.4.0 want: ^6.0.0
157 silly fetch manifest abbrev@^4.0.0
158 silly packumentCache full:https://registry.npmjs.org/abbrev cache-miss
159 silly fetch manifest fdir@^6.5.0
160 silly packumentCache full:https://registry.npmjs.org/fdir cache-miss
161 silly fetch manifest picomatch@^4.0.4
162 silly packumentCache full:https://registry.npmjs.org/picomatch cache-miss
163 silly fetch manifest isexe@^4.0.0
164 silly packumentCache full:https://registry.npmjs.org/isexe cache-miss
165 http fetch GET 200 https://registry.npmjs.org/picomatch 143ms (cache revalidated)
166 silly packumentCache full:https://registry.npmjs.org/picomatch set size:126376 disposed:false
167 http fetch GET 200 https://registry.npmjs.org/fdir 146ms (cache revalidated)
168 silly packumentCache full:https://registry.npmjs.org/fdir set size:136182 disposed:false
169 http fetch GET 200 https://registry.npmjs.org/isexe 150ms (cache miss)
170 silly packumentCache full:https://registry.npmjs.org/isexe set size:undefined disposed:false
171 http fetch GET 200 https://registry.npmjs.org/abbrev 153ms (cache miss)
172 silly packumentCache full:https://registry.npmjs.org/abbrev set size:undefined disposed:false
173 silly placeDep ROOT abbrev@4.0.0 OK for: nopt@9.0.0 want: ^4.0.0
174 silly placeDep ROOT detect-libc@2.1.2 OK for: prebuild-install@7.1.3 want: ^2.0.0
175 silly placeDep ROOT expand-template@2.0.3 OK for: prebuild-install@7.1.3 want: ^2.0.3
176 silly placeDep ROOT github-from-package@0.0.0 OK for: prebuild-install@7.1.3 want: 0.0.0
177 silly placeDep ROOT minimist@1.2.8 OK for: prebuild-install@7.1.3 want: ^1.2.3
178 silly placeDep ROOT mkdirp-classic@0.5.3 OK for: prebuild-install@7.1.3 want: ^0.5.3
179 silly placeDep ROOT napi-build-utils@2.0.0 OK for: prebuild-install@7.1.3 want: ^2.0.0
180 silly placeDep ROOT node-abi@3.92.0 OK for: prebuild-install@7.1.3 want: ^3.3.0
181 silly placeDep ROOT pump@3.0.4 OK for: prebuild-install@7.1.3 want: ^3.0.0
182 silly placeDep ROOT rc@1.2.8 OK for: prebuild-install@7.1.3 want: ^1.2.7
183 silly placeDep ROOT simple-get@4.0.1 OK for: prebuild-install@7.1.3 want: ^4.0.0
184 silly placeDep ROOT tar-fs@2.1.4 OK for: prebuild-install@7.1.3 want: ^2.0.0
185 silly placeDep ROOT tunnel-agent@0.6.0 OK for: prebuild-install@7.1.3 want: ^0.6.0
186 silly fetch manifest end-of-stream@^1.1.0
187 silly packumentCache full:https://registry.npmjs.org/end-of-stream cache-miss
188 silly fetch manifest ini@~1.3.0
189 silly packumentCache full:https://registry.npmjs.org/ini cache-miss
190 silly fetch manifest deep-extend@^0.6.0
191 silly packumentCache full:https://registry.npmjs.org/deep-extend cache-miss
192 silly fetch manifest strip-json-comments@~2.0.1
193 silly packumentCache full:https://registry.npmjs.org/strip-json-comments cache-miss
194 silly fetch manifest decompress-response@^6.0.0
195 silly packumentCache full:https://registry.npmjs.org/decompress-response cache-miss
196 silly fetch manifest simple-concat@^1.0.0
197 silly packumentCache full:https://registry.npmjs.org/simple-concat cache-miss
198 silly fetch manifest chownr@^1.1.1
199 silly packumentCache full:https://registry.npmjs.org/chownr cache-miss
200 http cache https://registry.npmjs.org/chownr 7ms (cache hit)
201 silly packumentCache full:https://registry.npmjs.org/chownr set size:22157 disposed:false
202 silly fetch manifest tar-stream@^2.1.4
203 silly packumentCache full:https://registry.npmjs.org/tar-stream cache-miss
204 http fetch GET 200 https://registry.npmjs.org/strip-json-comments 77ms (cache miss)
205 silly packumentCache full:https://registry.npmjs.org/strip-json-comments set size:undefined disposed:false
206 http fetch GET 200 https://registry.npmjs.org/end-of-stream 82ms (cache miss)
207 silly packumentCache full:https://registry.npmjs.org/end-of-stream set size:undefined disposed:false
208 http fetch GET 200 https://registry.npmjs.org/ini 84ms (cache miss)
209 silly packumentCache full:https://registry.npmjs.org/ini set size:undefined disposed:false
210 http fetch GET 200 https://registry.npmjs.org/simple-concat 86ms (cache miss)
211 silly packumentCache full:https://registry.npmjs.org/simple-concat set size:undefined disposed:false
212 http fetch GET 200 https://registry.npmjs.org/deep-extend 88ms (cache miss)
213 silly packumentCache full:https://registry.npmjs.org/deep-extend set size:undefined disposed:false
214 http fetch GET 200 https://registry.npmjs.org/decompress-response 88ms (cache miss)
215 silly packumentCache full:https://registry.npmjs.org/decompress-response set size:undefined disposed:false
216 http fetch GET 200 https://registry.npmjs.org/tar-stream 83ms (cache miss)
217 silly packumentCache full:https://registry.npmjs.org/tar-stream set size:undefined disposed:false
218 silly placeDep ROOT end-of-stream@1.4.5 OK for: pump@3.0.4 want: ^1.1.0
219 silly placeDep ROOT deep-extend@0.6.0 OK for: rc@1.2.8 want: ^0.6.0
220 silly placeDep ROOT ini@1.3.8 OK for: rc@1.2.8 want: ~1.3.0
221 silly placeDep ROOT strip-json-comments@2.0.1 OK for: rc@1.2.8 want: ~2.0.1
222 silly placeDep ROOT decompress-response@6.0.0 OK for: simple-get@4.0.1 want: ^6.0.0
223 silly placeDep ROOT simple-concat@1.0.1 OK for: simple-get@4.0.1 want: ^1.0.0
224 silly fetch manifest mimic-response@^3.1.0
225 silly packumentCache full:https://registry.npmjs.org/mimic-response cache-miss
226 http fetch GET 200 https://registry.npmjs.org/mimic-response 71ms (cache miss)
227 silly packumentCache full:https://registry.npmjs.org/mimic-response set size:undefined disposed:false
228 silly placeDep ROOT mimic-response@3.1.0 OK for: decompress-response@6.0.0 want: ^3.1.0
229 silly placeDep ROOT @isaacs/fs-minipass@4.0.1 OK for: tar@7.5.16 want: ^4.0.0
230 silly placeDep ROOT chownr@3.0.0 OK for: tar@7.5.16 want: ^3.0.0
231 silly placeDep ROOT minipass@7.1.3 OK for: tar@7.5.16 want: ^7.1.2
232 silly placeDep ROOT minizlib@3.1.0 OK for: tar@7.5.16 want: ^3.1.0
233 silly placeDep ROOT yallist@5.0.0 OK for: tar@7.5.16 want: ^5.0.0
234 silly fetch manifest minipass@^7.0.4
235 silly packumentCache full:https://registry.npmjs.org/minipass cache-miss
236 http cache https://registry.npmjs.org/minipass 4ms (cache hit)
237 silly packumentCache full:https://registry.npmjs.org/minipass set size:276925 disposed:false
238 silly placeDep node_modules/tar-fs chownr@1.1.4 OK for: tar-fs@2.1.4 want: ^1.1.1
239 silly placeDep ROOT tar-stream@2.2.0 OK for: tar-fs@2.1.4 want: ^2.1.4
240 silly fetch manifest bl@^4.0.3
241 silly packumentCache full:https://registry.npmjs.org/bl cache-miss
242 silly fetch manifest fs-constants@^1.0.0
243 silly packumentCache full:https://registry.npmjs.org/fs-constants cache-miss
244 silly fetch manifest readable-stream@^3.1.1
245 silly packumentCache full:https://registry.npmjs.org/readable-stream cache-miss
246 http fetch GET 200 https://registry.npmjs.org/fs-constants 64ms (cache miss)
247 silly packumentCache full:https://registry.npmjs.org/fs-constants set size:undefined disposed:false
248 http fetch GET 200 https://registry.npmjs.org/bl 80ms (cache miss)
249 silly packumentCache full:https://registry.npmjs.org/bl set size:undefined disposed:false
250 http fetch GET 200 https://registry.npmjs.org/readable-stream 89ms (cache miss)
251 silly packumentCache full:https://registry.npmjs.org/readable-stream set size:undefined disposed:false
252 silly placeDep ROOT bl@4.1.0 OK for: tar-stream@2.2.0 want: ^4.0.3
253 silly placeDep ROOT fs-constants@1.0.0 OK for: tar-stream@2.2.0 want: ^1.0.0
254 silly placeDep ROOT readable-stream@3.6.2 OK for: tar-stream@2.2.0 want: ^3.1.1
255 silly fetch manifest buffer@^5.5.0
256 silly packumentCache full:https://registry.npmjs.org/buffer cache-miss
257 silly fetch manifest readable-stream@^3.4.0
258 silly packumentCache full:https://registry.npmjs.org/readable-stream cache-miss
259 silly fetch manifest string_decoder@^1.1.1
260 silly packumentCache full:https://registry.npmjs.org/string_decoder cache-miss
261 silly fetch manifest util-deprecate@^1.0.1
262 silly packumentCache full:https://registry.npmjs.org/util-deprecate cache-miss
263 http cache https://registry.npmjs.org/readable-stream 5ms (cache hit)
264 silly packumentCache full:https://registry.npmjs.org/readable-stream set size:261096 disposed:false
265 http fetch GET 200 https://registry.npmjs.org/string_decoder 77ms (cache miss)
266 silly packumentCache full:https://registry.npmjs.org/string_decoder set size:undefined disposed:false
267 http fetch GET 200 https://registry.npmjs.org/util-deprecate 78ms (cache miss)
268 silly packumentCache full:https://registry.npmjs.org/util-deprecate set size:undefined disposed:false
269 http fetch GET 200 https://registry.npmjs.org/buffer 80ms (cache miss)
270 silly packumentCache full:https://registry.npmjs.org/buffer set size:undefined disposed:false
271 silly placeDep ROOT buffer@5.7.1 OK for: bl@4.1.0 want: ^5.5.0
272 silly fetch manifest base64-js@^1.3.1
273 silly packumentCache full:https://registry.npmjs.org/base64-js cache-miss
274 silly fetch manifest ieee754@^1.1.13
275 silly packumentCache full:https://registry.npmjs.org/ieee754 cache-miss
276 http fetch GET 200 https://registry.npmjs.org/ieee754 74ms (cache miss)
277 silly packumentCache full:https://registry.npmjs.org/ieee754 set size:undefined disposed:false
278 http fetch GET 200 https://registry.npmjs.org/base64-js 76ms (cache miss)
279 silly packumentCache full:https://registry.npmjs.org/base64-js set size:undefined disposed:false
280 silly placeDep ROOT base64-js@1.5.1 OK for: buffer@5.7.1 want: ^1.3.1
281 silly placeDep ROOT ieee754@1.2.1 OK for: buffer@5.7.1 want: ^1.1.13
282 silly placeDep ROOT string_decoder@1.3.0 OK for: readable-stream@3.6.2 want: ^1.1.1
283 silly placeDep ROOT util-deprecate@1.0.2 OK for: readable-stream@3.6.2 want: ^1.0.1
284 silly placeDep ROOT fdir@6.5.0 OK for: tinyglobby@0.2.17 want: ^6.5.0
285 silly placeDep ROOT picomatch@4.0.4 OK for: tinyglobby@0.2.17 want: ^4.0.4
286 silly placeDep ROOT isexe@4.0.0 OK for: which@6.0.1 want: ^4.0.0
287 silly reify moves {}
288 silly audit bulk request {
288 silly audit   '@types/node': [ '25.9.3' ],
288 silly audit   accepts: [ '2.0.0' ],
288 silly audit   'aws-ssl-profiles': [ '1.1.2' ],
288 silly audit   bcrypt: [ '6.0.0' ],
288 silly audit   'body-parser': [ '2.2.2' ],
288 silly audit   'buffer-equal-constant-time': [ '1.0.1' ],
288 silly audit   bytes: [ '3.1.2' ],
288 silly audit   'call-bind-apply-helpers': [ '1.0.2' ],
288 silly audit   'call-bound': [ '1.0.4' ],
288 silly audit   'content-disposition': [ '1.1.0' ],
288 silly audit   'content-type': [ '1.0.5', '2.0.0' ],
288 silly audit   cookie: [ '0.7.2' ],
288 silly audit   'cookie-signature': [ '1.2.2' ],
288 silly audit   cors: [ '2.8.6' ],
288 silly audit   debug: [ '4.4.3' ],
288 silly audit   denque: [ '2.1.0' ],
288 silly audit   depd: [ '2.0.0' ],
288 silly audit   dotenv: [ '17.4.2' ],
288 silly audit   'dunder-proto': [ '1.0.1' ],
288 silly audit   'ecdsa-sig-formatter': [ '1.0.11' ],
288 silly audit   'ee-first': [ '1.1.1' ],
288 silly audit   encodeurl: [ '2.0.0' ],
288 silly audit   'es-define-property': [ '1.0.1' ],
288 silly audit   'es-errors': [ '1.3.0' ],
288 silly audit   'es-object-atoms': [ '1.1.2' ],
288 silly audit   'escape-html': [ '1.0.3' ],
288 silly audit   etag: [ '1.8.1' ],
288 silly audit   express: [ '5.2.1' ],
288 silly audit   finalhandler: [ '2.1.1' ],
288 silly audit   forwarded: [ '0.2.0' ],
288 silly audit   fresh: [ '2.0.0' ],
288 silly audit   'function-bind': [ '1.1.2' ],
288 silly audit   'generate-function': [ '2.3.1' ],
288 silly audit   'get-intrinsic': [ '1.3.0' ],
288 silly audit   'get-proto': [ '1.0.1' ],
288 silly audit   gopd: [ '1.2.0' ],
288 silly audit   'has-symbols': [ '1.1.0' ],
288 silly audit   hasown: [ '2.0.4' ],
288 silly audit   'http-errors': [ '2.0.1' ],
288 silly audit   'iconv-lite': [ '0.7.2' ],
288 silly audit   inherits: [ '2.0.4' ],
288 silly audit   'ipaddr.js': [ '1.9.1' ],
288 silly audit   'is-promise': [ '4.0.0' ],
288 silly audit   'is-property': [ '1.0.2' ],
288 silly audit   jsonwebtoken: [ '9.0.3' ],
288 silly audit   jwa: [ '2.0.1' ],
288 silly audit   jws: [ '4.0.1' ],
288 silly audit   'lodash.includes': [ '4.3.0' ],
288 silly audit   'lodash.isboolean': [ '3.0.3' ],
288 silly audit   'lodash.isinteger': [ '4.0.4' ],
288 silly audit   'lodash.isnumber': [ '3.0.3' ],
288 silly audit   'lodash.isplainobject': [ '4.0.6' ],
288 silly audit   'lodash.isstring': [ '4.0.1' ],
288 silly audit   'lodash.once': [ '4.1.1' ],
288 silly audit   long: [ '5.3.2' ],
288 silly audit   'lru.min': [ '1.1.4' ],
288 silly audit   'math-intrinsics': [ '1.1.0' ],
288 silly audit   'media-typer': [ '1.1.0' ],
288 silly audit   'merge-descriptors': [ '2.0.0' ],
288 silly audit   'mime-db': [ '1.54.0' ],
288 silly audit   'mime-types': [ '3.0.2' ],
288 silly audit   ms: [ '2.1.3' ],
288 silly audit   mysql2: [ '3.22.5' ],
288 silly audit   'named-placeholders': [ '1.1.6' ],
288 silly audit   negotiator: [ '1.0.0' ],
288 silly audit   'node-addon-api': [ '8.8.0' ],
288 silly audit   'node-gyp-build': [ '4.8.4' ],
288 silly audit   'object-assign': [ '4.1.1' ],
288 silly audit   'object-inspect': [ '1.13.4' ],
288 silly audit   'on-finished': [ '2.4.1' ],
288 silly audit   once: [ '1.4.0' ],
288 silly audit   parseurl: [ '1.3.3' ],
288 silly audit   'path-to-regexp': [ '8.4.2' ],
288 silly audit   'proxy-addr': [ '2.0.7' ],
288 silly audit   qs: [ '6.15.2' ],
288 silly audit   'range-parser': [ '1.2.1' ],
288 silly audit   'raw-body': [ '3.0.2' ],
288 silly audit   router: [ '2.2.0' ],
288 silly audit   'safe-buffer': [ '5.2.1' ],
288 silly audit   'safer-buffer': [ '2.1.2' ],
288 silly audit   semver: [ '7.8.4' ],
288 silly audit   send: [ '1.2.1' ],
288 silly audit   'serve-static': [ '2.2.1' ],
288 silly audit   setprototypeof: [ '1.2.0' ],
288 silly audit   'side-channel': [ '1.1.1' ],
288 silly audit   'side-channel-list': [ '1.0.1' ],
288 silly audit   'side-channel-map': [ '1.0.1' ],
288 silly audit   'side-channel-weakmap': [ '1.0.2' ],
288 silly audit   'sql-escaper': [ '1.3.3' ],
288 silly audit   statuses: [ '2.0.2' ],
288 silly audit   toidentifier: [ '1.0.1' ],
288 silly audit   'type-is': [ '2.1.0' ],
288 silly audit   'undici-types': [ '7.24.6' ],
288 silly audit   unpipe: [ '1.0.0' ],
288 silly audit   vary: [ '1.1.2' ],
288 silly audit   wrappy: [ '1.0.2' ],
288 silly audit   sqlite3: [ '6.0.1' ],
288 silly audit   bindings: [ '1.5.0' ],
288 silly audit   'node-gyp': [ '12.4.0' ],
288 silly audit   'prebuild-install': [ '7.1.3' ],
288 silly audit   tar: [ '7.5.16' ],
288 silly audit   'file-uri-to-path': [ '1.0.0' ],
288 silly audit   'env-paths': [ '2.2.1' ],
288 silly audit   'exponential-backoff': [ '3.1.3' ],
288 silly audit   'graceful-fs': [ '4.2.11' ],
288 silly audit   nopt: [ '9.0.0' ],
288 silly audit   'proc-log': [ '6.1.0' ],
288 silly audit   tinyglobby: [ '0.2.17' ],
288 silly audit   undici: [ '6.26.0' ],
288 silly audit   which: [ '6.0.1' ],
288 silly audit   abbrev: [ '4.0.0' ],
288 silly audit   'detect-libc': [ '2.1.2' ],
288 silly audit   'expand-template': [ '2.0.3' ],
288 silly audit   'github-from-package': [ '0.0.0' ],
288 silly audit   minimist: [ '1.2.8' ],
288 silly audit   'mkdirp-classic': [ '0.5.3' ],
288 silly audit   'napi-build-utils': [ '2.0.0' ],
288 silly audit   'node-abi': [ '3.92.0' ],
288 silly audit   pump: [ '3.0.4' ],
288 silly audit   rc: [ '1.2.8' ],
288 silly audit   'simple-get': [ '4.0.1' ],
288 silly audit   'tar-fs': [ '2.1.4' ],
288 silly audit   'tunnel-agent': [ '0.6.0' ],
288 silly audit   'end-of-stream': [ '1.4.5' ],
288 silly audit   'deep-extend': [ '0.6.0' ],
288 silly audit   ini: [ '1.3.8' ],
288 silly audit   'strip-json-comments': [ '2.0.1' ],
288 silly audit   'decompress-response': [ '6.0.0' ],
288 silly audit   'simple-concat': [ '1.0.1' ],
288 silly audit   'mimic-response': [ '3.1.0' ],
288 silly audit   '@isaacs/fs-minipass': [ '4.0.1' ],
288 silly audit   chownr: [ '3.0.0', '1.1.4' ],
288 silly audit   minipass: [ '7.1.3' ],
288 silly audit   minizlib: [ '3.1.0' ],
288 silly audit   yallist: [ '5.0.0' ],
288 silly audit   'tar-stream': [ '2.2.0' ],
288 silly audit   bl: [ '4.1.0' ],
288 silly audit   'fs-constants': [ '1.0.0' ],
288 silly audit   'readable-stream': [ '3.6.2' ],
288 silly audit   buffer: [ '5.7.1' ],
288 silly audit   'base64-js': [ '1.5.1' ],
288 silly audit   ieee754: [ '1.2.1' ],
288 silly audit   string_decoder: [ '1.3.0' ],
288 silly audit   'util-deprecate': [ '1.0.2' ],
288 silly audit   fdir: [ '6.5.0' ],
288 silly audit   picomatch: [ '4.0.4' ],
288 silly audit   isexe: [ '4.0.0' ]
288 silly audit }
289 http cache isexe@https://registry.npmjs.org/isexe/-/isexe-4.0.0.tgz 0ms (cache hit)
290 http cache picomatch@https://registry.npmjs.org/picomatch/-/picomatch-4.0.4.tgz 0ms (cache hit)
291 http cache fdir@https://registry.npmjs.org/fdir/-/fdir-6.5.0.tgz 0ms (cache hit)
292 http cache string_decoder@https://registry.npmjs.org/string_decoder/-/string_decoder-1.3.0.tgz 0ms (cache hit)
293 http cache util-deprecate@https://registry.npmjs.org/util-deprecate/-/util-deprecate-1.0.2.tgz 0ms (cache hit)
294 http cache ieee754@https://registry.npmjs.org/ieee754/-/ieee754-1.2.1.tgz 0ms (cache hit)
295 http cache buffer@https://registry.npmjs.org/buffer/-/buffer-5.7.1.tgz 0ms (cache hit)
296 http cache readable-stream@https://registry.npmjs.org/readable-stream/-/readable-stream-3.6.2.tgz 0ms (cache hit)
297 http cache base64-js@https://registry.npmjs.org/base64-js/-/base64-js-1.5.1.tgz 0ms (cache hit)
298 http cache bl@https://registry.npmjs.org/bl/-/bl-4.1.0.tgz 0ms (cache hit)
299 http cache tar-stream@https://registry.npmjs.org/tar-stream/-/tar-stream-2.2.0.tgz 0ms (cache hit)
300 http cache yallist@https://registry.npmjs.org/yallist/-/yallist-5.0.0.tgz 0ms (cache hit)
301 http cache fs-constants@https://registry.npmjs.org/fs-constants/-/fs-constants-1.0.0.tgz 0ms (cache hit)
302 http cache @isaacs/fs-minipass@https://registry.npmjs.org/@isaacs/fs-minipass/-/fs-minipass-4.0.1.tgz 0ms (cache hit)
303 http cache minipass@https://registry.npmjs.org/minipass/-/minipass-7.1.3.tgz 0ms (cache hit)
304 http cache minizlib@https://registry.npmjs.org/minizlib/-/minizlib-3.1.0.tgz 0ms (cache hit)
305 http cache chownr@https://registry.npmjs.org/chownr/-/chownr-3.0.0.tgz 0ms (cache hit)
306 http cache mimic-response@https://registry.npmjs.org/mimic-response/-/mimic-response-3.1.0.tgz 0ms (cache hit)
307 http cache simple-concat@https://registry.npmjs.org/simple-concat/-/simple-concat-1.0.1.tgz 0ms (cache hit)
308 http cache strip-json-comments@https://registry.npmjs.org/strip-json-comments/-/strip-json-comments-2.0.1.tgz 0ms (cache hit)
309 http cache ini@https://registry.npmjs.org/ini/-/ini-1.3.8.tgz 0ms (cache hit)
310 http cache decompress-response@https://registry.npmjs.org/decompress-response/-/decompress-response-6.0.0.tgz 0ms (cache hit)
311 http cache deep-extend@https://registry.npmjs.org/deep-extend/-/deep-extend-0.6.0.tgz 0ms (cache hit)
312 http cache end-of-stream@https://registry.npmjs.org/end-of-stream/-/end-of-stream-1.4.5.tgz 0ms (cache hit)
313 http cache tunnel-agent@https://registry.npmjs.org/tunnel-agent/-/tunnel-agent-0.6.0.tgz 0ms (cache hit)
314 http cache simple-get@https://registry.npmjs.org/simple-get/-/simple-get-4.0.1.tgz 0ms (cache hit)
315 http cache rc@https://registry.npmjs.org/rc/-/rc-1.2.8.tgz 0ms (cache hit)
316 http cache pump@https://registry.npmjs.org/pump/-/pump-3.0.4.tgz 0ms (cache hit)
317 http cache node-abi@https://registry.npmjs.org/node-abi/-/node-abi-3.92.0.tgz 0ms (cache hit)
318 http cache tar-fs@https://registry.npmjs.org/tar-fs/-/tar-fs-2.1.4.tgz 0ms (cache hit)
319 http cache napi-build-utils@https://registry.npmjs.org/napi-build-utils/-/napi-build-utils-2.0.0.tgz 0ms (cache hit)
320 http cache mkdirp-classic@https://registry.npmjs.org/mkdirp-classic/-/mkdirp-classic-0.5.3.tgz 0ms (cache hit)
321 http cache minimist@https://registry.npmjs.org/minimist/-/minimist-1.2.8.tgz 0ms (cache hit)
322 http cache expand-template@https://registry.npmjs.org/expand-template/-/expand-template-2.0.3.tgz 0ms (cache hit)
323 http cache detect-libc@https://registry.npmjs.org/detect-libc/-/detect-libc-2.1.2.tgz 0ms (cache hit)
324 http cache abbrev@https://registry.npmjs.org/abbrev/-/abbrev-4.0.0.tgz 0ms (cache hit)
325 http cache github-from-package@https://registry.npmjs.org/github-from-package/-/github-from-package-0.0.0.tgz 0ms (cache hit)
326 http cache which@https://registry.npmjs.org/which/-/which-6.0.1.tgz 0ms (cache hit)
327 http cache undici@https://registry.npmjs.org/undici/-/undici-6.26.0.tgz 0ms (cache hit)
328 http cache proc-log@https://registry.npmjs.org/proc-log/-/proc-log-6.1.0.tgz 0ms (cache hit)
329 http cache nopt@https://registry.npmjs.org/nopt/-/nopt-9.0.0.tgz 0ms (cache hit)
330 http cache graceful-fs@https://registry.npmjs.org/graceful-fs/-/graceful-fs-4.2.11.tgz 1ms (cache hit)
331 http cache exponential-backoff@https://registry.npmjs.org/exponential-backoff/-/exponential-backoff-3.1.3.tgz 0ms (cache hit)
332 http cache tinyglobby@https://registry.npmjs.org/tinyglobby/-/tinyglobby-0.2.17.tgz 0ms (cache hit)
333 http cache env-paths@https://registry.npmjs.org/env-paths/-/env-paths-2.2.1.tgz 0ms (cache hit)
334 http cache file-uri-to-path@https://registry.npmjs.org/file-uri-to-path/-/file-uri-to-path-1.0.0.tgz 0ms (cache hit)
335 http cache tar@https://registry.npmjs.org/tar/-/tar-7.5.16.tgz 0ms (cache hit)
336 http cache node-gyp@https://registry.npmjs.org/node-gyp/-/node-gyp-12.4.0.tgz 0ms (cache hit)
337 http cache prebuild-install@https://registry.npmjs.org/prebuild-install/-/prebuild-install-7.1.3.tgz 0ms (cache hit)
338 http cache bindings@https://registry.npmjs.org/bindings/-/bindings-1.5.0.tgz 0ms (cache hit)
339 silly tarball no local data for isexe@https://registry.npmjs.org/isexe/-/isexe-4.0.0.tgz. Extracting by manifest.
340 http cache chownr@https://registry.npmjs.org/chownr/-/chownr-1.1.4.tgz 0ms (cache hit)
341 http cache sqlite3@https://registry.npmjs.org/sqlite3/-/sqlite3-6.0.1.tgz 0ms (cache hit)
342 silly tarball no local data for string_decoder@https://registry.npmjs.org/string_decoder/-/string_decoder-1.3.0.tgz. Extracting by manifest.
343 silly tarball no local data for util-deprecate@https://registry.npmjs.org/util-deprecate/-/util-deprecate-1.0.2.tgz. Extracting by manifest.
344 silly tarball no local data for ieee754@https://registry.npmjs.org/ieee754/-/ieee754-1.2.1.tgz. Extracting by manifest.
345 silly tarball no local data for buffer@https://registry.npmjs.org/buffer/-/buffer-5.7.1.tgz. Extracting by manifest.
346 silly tarball no local data for readable-stream@https://registry.npmjs.org/readable-stream/-/readable-stream-3.6.2.tgz. Extracting by manifest.
347 silly tarball no local data for base64-js@https://registry.npmjs.org/base64-js/-/base64-js-1.5.1.tgz. Extracting by manifest.
348 silly tarball no local data for bl@https://registry.npmjs.org/bl/-/bl-4.1.0.tgz. Extracting by manifest.
349 silly tarball no local data for tar-stream@https://registry.npmjs.org/tar-stream/-/tar-stream-2.2.0.tgz. Extracting by manifest.
350 silly tarball no local data for yallist@https://registry.npmjs.org/yallist/-/yallist-5.0.0.tgz. Extracting by manifest.
351 silly tarball no local data for fs-constants@https://registry.npmjs.org/fs-constants/-/fs-constants-1.0.0.tgz. Extracting by manifest.
352 silly tarball no local data for @isaacs/fs-minipass@https://registry.npmjs.org/@isaacs/fs-minipass/-/fs-minipass-4.0.1.tgz. Extracting by manifest.
353 silly tarball no local data for minipass@https://registry.npmjs.org/minipass/-/minipass-7.1.3.tgz. Extracting by manifest.
354 silly tarball no local data for minizlib@https://registry.npmjs.org/minizlib/-/minizlib-3.1.0.tgz. Extracting by manifest.
355 silly tarball no local data for chownr@https://registry.npmjs.org/chownr/-/chownr-3.0.0.tgz. Extracting by manifest.
356 silly tarball no local data for mimic-response@https://registry.npmjs.org/mimic-response/-/mimic-response-3.1.0.tgz. Extracting by manifest.
357 silly tarball no local data for simple-concat@https://registry.npmjs.org/simple-concat/-/simple-concat-1.0.1.tgz. Extracting by manifest.
358 silly tarball no local data for strip-json-comments@https://registry.npmjs.org/strip-json-comments/-/strip-json-comments-2.0.1.tgz. Extracting by manifest.
359 silly tarball no local data for ini@https://registry.npmjs.org/ini/-/ini-1.3.8.tgz. Extracting by manifest.
360 silly tarball no local data for decompress-response@https://registry.npmjs.org/decompress-response/-/decompress-response-6.0.0.tgz. Extracting by manifest.
361 silly tarball no local data for deep-extend@https://registry.npmjs.org/deep-extend/-/deep-extend-0.6.0.tgz. Extracting by manifest.
362 silly tarball no local data for end-of-stream@https://registry.npmjs.org/end-of-stream/-/end-of-stream-1.4.5.tgz. Extracting by manifest.
363 silly tarball no local data for tunnel-agent@https://registry.npmjs.org/tunnel-agent/-/tunnel-agent-0.6.0.tgz. Extracting by manifest.
364 silly tarball no local data for simple-get@https://registry.npmjs.org/simple-get/-/simple-get-4.0.1.tgz. Extracting by manifest.
365 silly tarball no local data for rc@https://registry.npmjs.org/rc/-/rc-1.2.8.tgz. Extracting by manifest.
366 silly tarball no local data for pump@https://registry.npmjs.org/pump/-/pump-3.0.4.tgz. Extracting by manifest.
367 silly tarball no local data for node-abi@https://registry.npmjs.org/node-abi/-/node-abi-3.92.0.tgz. Extracting by manifest.
368 silly tarball no local data for tar-fs@https://registry.npmjs.org/tar-fs/-/tar-fs-2.1.4.tgz. Extracting by manifest.
369 silly tarball no local data for napi-build-utils@https://registry.npmjs.org/napi-build-utils/-/napi-build-utils-2.0.0.tgz. Extracting by manifest.
370 silly tarball no local data for mkdirp-classic@https://registry.npmjs.org/mkdirp-classic/-/mkdirp-classic-0.5.3.tgz. Extracting by manifest.
371 silly tarball no local data for minimist@https://registry.npmjs.org/minimist/-/minimist-1.2.8.tgz. Extracting by manifest.
372 silly tarball no local data for expand-template@https://registry.npmjs.org/expand-template/-/expand-template-2.0.3.tgz. Extracting by manifest.
373 silly tarball no local data for abbrev@https://registry.npmjs.org/abbrev/-/abbrev-4.0.0.tgz. Extracting by manifest.
374 silly tarball no local data for github-from-package@https://registry.npmjs.org/github-from-package/-/github-from-package-0.0.0.tgz. Extracting by manifest.
375 silly tarball no local data for which@https://registry.npmjs.org/which/-/which-6.0.1.tgz. Extracting by manifest.
376 silly tarball no local data for undici@https://registry.npmjs.org/undici/-/undici-6.26.0.tgz. Extracting by manifest.
377 silly tarball no local data for proc-log@https://registry.npmjs.org/proc-log/-/proc-log-6.1.0.tgz. Extracting by manifest.
378 silly tarball no local data for nopt@https://registry.npmjs.org/nopt/-/nopt-9.0.0.tgz. Extracting by manifest.
379 silly tarball no local data for graceful-fs@https://registry.npmjs.org/graceful-fs/-/graceful-fs-4.2.11.tgz. Extracting by manifest.
380 silly tarball no local data for exponential-backoff@https://registry.npmjs.org/exponential-backoff/-/exponential-backoff-3.1.3.tgz. Extracting by manifest.
381 silly tarball no local data for env-paths@https://registry.npmjs.org/env-paths/-/env-paths-2.2.1.tgz. Extracting by manifest.
382 silly tarball no local data for file-uri-to-path@https://registry.npmjs.org/file-uri-to-path/-/file-uri-to-path-1.0.0.tgz. Extracting by manifest.
383 silly tarball no local data for tar@https://registry.npmjs.org/tar/-/tar-7.5.16.tgz. Extracting by manifest.
384 silly tarball no local data for node-gyp@https://registry.npmjs.org/node-gyp/-/node-gyp-12.4.0.tgz. Extracting by manifest.
385 silly tarball no local data for prebuild-install@https://registry.npmjs.org/prebuild-install/-/prebuild-install-7.1.3.tgz. Extracting by manifest.
386 silly tarball no local data for bindings@https://registry.npmjs.org/bindings/-/bindings-1.5.0.tgz. Extracting by manifest.
387 silly tarball no local data for chownr@https://registry.npmjs.org/chownr/-/chownr-1.1.4.tgz. Extracting by manifest.
388 silly tarball no local data for sqlite3@https://registry.npmjs.org/sqlite3/-/sqlite3-6.0.1.tgz. Extracting by manifest.
389 http fetch GET 200 https://registry.npmjs.org/string_decoder/-/string_decoder-1.3.0.tgz 112ms (cache miss)
390 http fetch GET 200 https://registry.npmjs.org/util-deprecate/-/util-deprecate-1.0.2.tgz 112ms (cache miss)
391 http fetch GET 200 https://registry.npmjs.org/ieee754/-/ieee754-1.2.1.tgz 116ms (cache miss)
392 http fetch GET 200 https://registry.npmjs.org/buffer/-/buffer-5.7.1.tgz 122ms (cache miss)
393 http fetch GET 200 https://registry.npmjs.org/mimic-response/-/mimic-response-3.1.0.tgz 155ms (cache miss)
394 http fetch GET 200 https://registry.npmjs.org/readable-stream/-/readable-stream-3.6.2.tgz 164ms (cache miss)
395 http fetch GET 200 https://registry.npmjs.org/simple-concat/-/simple-concat-1.0.1.tgz 170ms (cache miss)
396 http fetch GET 200 https://registry.npmjs.org/strip-json-comments/-/strip-json-comments-2.0.1.tgz 184ms (cache miss)
397 http fetch GET 200 https://registry.npmjs.org/decompress-response/-/decompress-response-6.0.0.tgz 188ms (cache miss)
398 http fetch GET 200 https://registry.npmjs.org/ini/-/ini-1.3.8.tgz 189ms (cache miss)
399 http fetch GET 200 https://registry.npmjs.org/chownr/-/chownr-3.0.0.tgz 199ms (cache miss)
400 http fetch GET 200 https://registry.npmjs.org/deep-extend/-/deep-extend-0.6.0.tgz 208ms (cache miss)
401 http fetch GET 200 https://registry.npmjs.org/end-of-stream/-/end-of-stream-1.4.5.tgz 218ms (cache miss)
402 http fetch GET 200 https://registry.npmjs.org/tunnel-agent/-/tunnel-agent-0.6.0.tgz 220ms (cache miss)
403 http fetch GET 200 https://registry.npmjs.org/simple-get/-/simple-get-4.0.1.tgz 252ms (cache miss)
404 http fetch POST 200 https://registry.npmjs.org/-/npm/v1/security/advisories/bulk 300ms
405 silly audit report {}
406 http fetch GET 200 https://registry.npmjs.org/fs-constants/-/fs-constants-1.0.0.tgz 274ms (cache miss)
407 http fetch GET 200 https://registry.npmjs.org/tar-stream/-/tar-stream-2.2.0.tgz 276ms (cache miss)
408 http fetch GET 200 https://registry.npmjs.org/base64-js/-/base64-js-1.5.1.tgz 289ms (cache miss)
409 http fetch GET 200 https://registry.npmjs.org/isexe/-/isexe-4.0.0.tgz 299ms (cache miss)
410 http fetch GET 200 https://registry.npmjs.org/node-abi/-/node-abi-3.92.0.tgz 295ms (cache miss)
411 http fetch GET 200 https://registry.npmjs.org/napi-build-utils/-/napi-build-utils-2.0.0.tgz 309ms (cache miss)
412 http fetch GET 200 https://registry.npmjs.org/mkdirp-classic/-/mkdirp-classic-0.5.3.tgz 336ms (cache miss)
413 http fetch GET 200 https://registry.npmjs.org/abbrev/-/abbrev-4.0.0.tgz 343ms (cache miss)
414 http fetch GET 200 https://registry.npmjs.org/rc/-/rc-1.2.8.tgz 357ms (cache miss)
415 http fetch GET 200 https://registry.npmjs.org/which/-/which-6.0.1.tgz 351ms (cache miss)
416 http fetch GET 200 https://registry.npmjs.org/expand-template/-/expand-template-2.0.3.tgz 354ms (cache miss)
417 http fetch GET 200 https://registry.npmjs.org/pump/-/pump-3.0.4.tgz 369ms (cache miss)
418 http fetch GET 200 https://registry.npmjs.org/env-paths/-/env-paths-2.2.1.tgz 366ms (cache miss)
419 http fetch GET 200 https://registry.npmjs.org/proc-log/-/proc-log-6.1.0.tgz 369ms (cache miss)
420 http fetch GET 200 https://registry.npmjs.org/exponential-backoff/-/exponential-backoff-3.1.3.tgz 368ms (cache miss)
421 http fetch GET 200 https://registry.npmjs.org/file-uri-to-path/-/file-uri-to-path-1.0.0.tgz 369ms (cache miss)
422 http fetch GET 200 https://registry.npmjs.org/bl/-/bl-4.1.0.tgz 394ms (cache miss)
423 http fetch GET 200 https://registry.npmjs.org/graceful-fs/-/graceful-fs-4.2.11.tgz 380ms (cache miss)
424 http fetch GET 200 https://registry.npmjs.org/chownr/-/chownr-1.1.4.tgz 390ms (cache miss)
425 http fetch GET 200 https://registry.npmjs.org/bindings/-/bindings-1.5.0.tgz 396ms (cache miss)
426 http fetch GET 200 https://registry.npmjs.org/nopt/-/nopt-9.0.0.tgz 416ms (cache miss)
427 http fetch GET 200 https://registry.npmjs.org/yallist/-/yallist-5.0.0.tgz 436ms (cache miss)
428 http fetch GET 200 https://registry.npmjs.org/@isaacs/fs-minipass/-/fs-minipass-4.0.1.tgz 441ms (cache miss)
429 http fetch GET 200 https://registry.npmjs.org/github-from-package/-/github-from-package-0.0.0.tgz 430ms (cache miss)
430 http fetch GET 200 https://registry.npmjs.org/minipass/-/minipass-7.1.3.tgz 446ms (cache miss)
431 http fetch GET 200 https://registry.npmjs.org/prebuild-install/-/prebuild-install-7.1.3.tgz 445ms (cache miss)
432 warn deprecated prebuild-install@7.1.3: No longer maintained. Please contact the author of the relevant native addon; alternatives are available.
433 http fetch GET 200 https://registry.npmjs.org/tar-fs/-/tar-fs-2.1.4.tgz 466ms (cache miss)
434 http fetch GET 200 https://registry.npmjs.org/minizlib/-/minizlib-3.1.0.tgz 480ms (cache miss)
435 http fetch GET 200 https://registry.npmjs.org/minimist/-/minimist-1.2.8.tgz 476ms (cache miss)
436 http fetch GET 200 https://registry.npmjs.org/node-gyp/-/node-gyp-12.4.0.tgz 789ms (cache miss)
437 http fetch GET 200 https://registry.npmjs.org/sqlite3/-/sqlite3-6.0.1.tgz 800ms (cache miss)
438 http fetch GET 200 https://registry.npmjs.org/undici/-/undici-6.26.0.tgz 907ms (cache miss)
439 http fetch GET 200 https://registry.npmjs.org/tar/-/tar-7.5.16.tgz 999ms (cache miss)
440 info run sqlite3@6.0.1 install node_modules/sqlite3 prebuild-install -r napi || node-gyp rebuild
441 info run sqlite3@6.0.1 install { code: 0, signal: null }
442 silly ADD node_modules/isexe
443 silly ADD node_modules/picomatch
444 silly ADD node_modules/fdir
445 silly ADD node_modules/util-deprecate
446 silly ADD node_modules/string_decoder
447 silly ADD node_modules/ieee754
448 silly ADD node_modules/base64-js
449 silly ADD node_modules/buffer
450 silly ADD node_modules/readable-stream
451 silly ADD node_modules/fs-constants
452 silly ADD node_modules/bl
453 silly ADD node_modules/tar-stream
454 silly ADD node_modules/yallist
455 silly ADD node_modules/minizlib
456 silly ADD node_modules/minipass
457 silly ADD node_modules/chownr
458 silly ADD node_modules/@isaacs/fs-minipass
459 silly ADD node_modules/mimic-response
460 silly ADD node_modules/simple-concat
461 silly ADD node_modules/decompress-response
462 silly ADD node_modules/strip-json-comments
463 silly ADD node_modules/ini
464 silly ADD node_modules/deep-extend
465 silly ADD node_modules/end-of-stream
466 silly ADD node_modules/tunnel-agent
467 silly ADD node_modules/tar-fs
468 silly ADD node_modules/tar-fs/node_modules/chownr
469 silly ADD node_modules/simple-get
470 silly ADD node_modules/rc
471 silly ADD node_modules/pump
472 silly ADD node_modules/node-abi
473 silly ADD node_modules/napi-build-utils
474 silly ADD node_modules/mkdirp-classic
475 silly ADD node_modules/minimist
476 silly ADD node_modules/github-from-package
477 silly ADD node_modules/expand-template
478 silly ADD node_modules/detect-libc
479 silly ADD node_modules/abbrev
480 silly ADD node_modules/which
481 silly ADD node_modules/undici
482 silly ADD node_modules/tinyglobby
483 silly ADD node_modules/proc-log
484 silly ADD node_modules/nopt
485 silly ADD node_modules/graceful-fs
486 silly ADD node_modules/exponential-backoff
487 silly ADD node_modules/env-paths
488 silly ADD node_modules/file-uri-to-path
489 silly ADD node_modules/tar
490 silly ADD node_modules/prebuild-install
491 silly ADD node_modules/node-gyp
492 silly ADD node_modules/bindings
493 silly ADD node_modules/sqlite3
494 verbose cwd C:\smart-parcel-delivery
495 verbose os Windows_NT 10.0.26200
496 verbose node v24.16.0
497 verbose npm  v11.13.0
498 verbose exit 0
499 info ok
